1.529929233898862094e+03
2.130445349416804675e+03
3.963368193559752399e+03
1.749519668430155434e+03
2.686040332480450161e+03
1.872451113358198199e+03
2.276876428008778021e+03
2.143404797211362165e+03
3.371900527196557960e+03
1.833065129873866681e+03
2.065249089878532686e+03
1.860277013909013476e+03
1.885600412854342721e+03
1.902100166895121220e+03
1.881528242719185073e+03
2.075893342715615290e+03
2.093642338017205475e+03
2.594911737744914717e+03
1.518308467045120778e+03
2.691476162758888677e+03
2.491212857203296153e+03
2.155090908026264515e+03
2.697672894659772282e+03
2.513473170476703672e+03
3.742247994279314298e+03
1.500506935613055248e+03
1.601314459145913133e+03
2.631869673774810508e+03
1.662066201399662532e+03
1.900139265083649661e+03
2.746374649695731932e+03
3.508831366982194595e+03
2.181064842786930967e+03
1.693015265725203790e+03
2.572781266051082639e+03
1.903872364578419365e+03
2.180713466740387958e+03
1.920753225726104574e+03
1.429852785676019266e+03
1.808099931248958455e+03
1.693380582814104855e+03
1.726816804614092689e+03
2.695948282911500428e+03
1.782743634680751711e+03
2.530597318868152797e+03
1.921419319438864477e+03
1.986493725142325275e+03
3.099764249811181799e+03
2.252777839373098686e+03
2.120996580398292281e+03
2.440097622515284456e+03
1.535418697139306460e+03
2.138703808979829773e+03
1.760314501273678616e+03
1.692093144914659206e+03
5.149568345925072208e+03
1.716333657661976758e+03
1.997923954859608784e+03
2.393548881080118008e+03
2.110730627796612680e+03
2.630498320803337265e+03
2.448267407235514838e+03
3.470921521061332896e+03
1.873681729866890237e+03
1.718724109463102650e+03
3.147891985640220810e+03
1.976203187419567257e+03
2.028827726762479870e+03
2.481802087779007707e+03
1.765497048413959419e+03
3.992970035978105443e+03
2.924192398362160020e+03
3.129076117494441860e+03
1.947819302355208492e+03
2.039185434222650656e+03
2.366987763297984202e+03
1.915683445503585972e+03
2.358352930781824398e+03
2.904256281981666689e+03
1.928155595829724916e+03
2.198985528168021119e+03
2.796787772290466819e+03
2.405758016614796361e+03
3.119922241841530195e+03
2.761186198798066471e+03
2.530026630372827640e+03
1.886843795566412155e+03
2.216384439818531973e+03
2.058245756949880160e+03
1.778145674220344517e+03
2.370380132883670740e+03
2.002418129338067956e+03
1.483569580321549438e+03
2.462449201610521413e+03
1.999997066528856521e+03
2.412203312387777260e+03
1.840060235545475734e+03
3.095060744572110707e+03
3.349914846677507740e+03
2.350091356937016826e+03
2.091085524607449770e+03
1.649919045573857147e+03
3.225274254682997707e+03
2.172841221896233037e+03
2.334611037718830630e+03
2.332988438046129886e+03
2.966266855074907653e+03
2.508384297880402301e+03
2.683082310681347735e+03
1.847383449185756035e+03
2.370983339629485272e+03
2.315046823144948576e+03
1.674447812941973098e+03
2.490575994659098797e+03
1.752355997457343619e+03
2.689271582401881460e+03
1.897039510818780400e+03
2.046461280446732417e+03
2.370541948273545131e+03
2.195519571186625399e+03
3.208116820136376191e+03
2.290495020766567905e+03
1.631804829035245348e+03
2.692828628794988617e+03
2.023388577487843577e+03
1.568167378520593047e+03
1.886524504000903107e+03
2.171475815861194860e+03
2.168143717772618402e+03
1.763933997739921324e+03
1.617935988422366790e+03
1.961213539084943477e+03
1.765110571945842821e+03
2.319658239078416955e+03
1.496787926438031718e+03
2.444698083241935819e+03
1.991249824062688276e+03
2.289010719247744419e+03
1.806139597606845200e+03
2.181924002140294760e+03
1.697813245580764487e+03
1.604792039695195854e+03
1.810878397095366381e+03
1.570406156717101112e+03
1.670904851081199013e+03
1.770758247528574429e+03
1.875514472590642981e+03
2.638408223199076019e+03
1.866782846704591066e+03
1.742184969126596116e+03
1.735441660503041930e+03
2.222835953988134861e+03
1.896114226376521401e+03
2.257528033639420755e+03
2.045984890059335157e+03
2.387649361407733522e+03
1.791855673450394534e+03
1.425468992569018155e+03
2.027793047835119069e+03
2.071750430488144048e+03
2.414930729405139573e+03
2.298374021254363470e+03
1.611512936332728714e+03
1.731209735235781409e+03
2.150207748877699487e+03
1.437887895940919407e+03
1.327947568230214529e+03
3.154505607710452750e+03
1.843745995476609096e+03
2.006548807262792252e+03
2.241274595443159342e+03
2.537920269328868017e+03
1.592133185008424334e+03
1.935909776051063091e+03
1.878262354250415228e+03
1.694943545195390470e+03
1.590254604246816598e+03
2.155668127614306286e+03
2.058176454651402310e+03
1.854698741714470088e+03
1.912610485790646635e+03
2.664937145339441486e+03
2.259888340049656108e+03
1.907178227180615067e+03
1.956713221472105943e+03
2.778644312757765874e+03
2.305235860904445872e+03
1.754717184261418879e+03
1.715316852033254690e+03
2.590529368743067607e+03
2.077210021756472997e+03
1.855033437753445469e+03
2.267886359751340933e+03
2.130318694706889801e+03
2.366775382325053215e+03
2.175756825861637481e+03
1.423327490950117863e+03
1.637147644630957075e+03
2.415436691845578025e+03
1.997447406899282214e+03
5.283844848302189348e+03
2.058501050547434716e+03
2.285074467262769758e+03
3.863607298857175920e+03
1.853914298231255088e+03
2.244562727418247960e+03
1.616487652393014287e+03
2.094320741044095485e+03
2.549740244300613995e+03
2.331752669337016414e+03
2.067053606986359227e+03
2.796202316434879322e+03
2.040838113583959057e+03
3.115511785513110226e+03
1.953336160095961532e+03
2.469477483584138099e+03
2.691664995678089326e+03
2.456246022608655039e+03
1.740634710773068946e+03
2.149149230302078649e+03
3.016606127138045849e+03
1.888460174184350763e+03
2.848537960392364766e+03
2.295985268970776815e+03
2.526583179213717813e+03
1.931350318814103957e+03
1.395004610502772266e+03
2.171356101794575807e+03
2.834809747146209702e+03
2.075562419341003988e+03
3.312514238544536056e+03
1.815223255120596150e+03
2.978186579381872434e+03
2.086512228279316332e+03
2.306888006319059059e+03
2.460026326335151680e+03
1.928775015001709107e+03
2.362856159213697538e+03
2.119104720478295349e+03
2.247633997610886581e+03
1.734549606390239205e+03
2.458331227484100964e+03
2.231058303438301664e+03
1.897428017172263935e+03
2.513378375324711669e+03
1.945919165811908897e+03
1.945710784488590434e+03
2.189896292674704455e+03
2.146990876739961095e+03
1.836221861329977401e+03
2.164978078356361948e+03
2.229095957853889558e+03
2.032990107174671721e+03
1.738119074369315058e+03
2.137718904814217240e+03
1.697031446208013222e+03
1.465073518238088582e+03
1.732979973252688069e+03
2.316654276888701133e+03
1.431344167923263740e+03
2.170859443854657002e+03
2.293921637931722216e+03
1.619384463809896260e+03
3.319369001951534301e+03
1.876892180925817229e+03
1.861315992670366541e+03
2.078631213258486241e+03
1.633235870528500527e+03
2.585462084028986283e+03
2.380024544781073928e+03
2.606686755898641422e+03
3.040436111223651096e+03
1.695378266139887273e+03
2.553713711626129225e+03
2.539069576457375661e+03
2.639287962188362144e+03
1.780199416280956939e+03
2.204365144310868345e+03
2.137647459305473603e+03
2.041246420528739691e+03
2.193295676696463488e+03
2.332288616786943749e+03
1.988368745507323183e+03
1.548676776619977318e+03
2.954068788312375546e+03
2.068258306101546623e+03
1.686389213328598998e+03
2.086411436204798520e+03
2.738545921986340545e+03
1.727904743594350293e+03
2.736540985449799336e+03
1.651538612689939328e+03
1.836079663596232422e+03
1.681495317519293167e+03
2.286248357751755975e+03
3.058533929047291167e+03
2.292892166518955491e+03
2.374829963020631112e+03
1.885888621115707792e+03
1.524672606507199816e+03
1.859650066903792322e+03
1.678059040897991508e+03
1.760012049230514094e+03
2.012885269439662807e+03
1.972301421707728878e+03
1.857681836157571524e+03
1.886858768702019006e+03
1.943594129949924536e+03
1.900196858931565657e+03
2.306306388672091998e+03
1.491927484656102024e+03
1.806992921056807972e+03
2.293425990428659134e+03
2.142028194827144034e+03
2.309478365610702895e+03
1.873735933614545502e+03
1.700691743415896781e+03
2.253113774874829687e+03
2.334162145423935726e+03
1.661212047606706619e+03
2.046051944357925095e+03
2.165777251981082372e+03
1.989738676119362935e+03
1.882666185718495399e+03
2.694389776345575228e+03
2.266253468987182714e+03
3.339566319237696007e+03
1.588478710174054868e+03
1.988126589132049048e+03
2.884759946638860129e+03
2.395562544314536353e+03
2.553666829343463178e+03
2.277883364386987523e+03
2.953056017425238679e+03
2.579951433831003669e+03
2.129800700739608146e+03
2.160385504665595363e+03
2.048947966764651937e+03
3.310069311567262048e+03
1.463255462401124532e+03
2.572184353469128837e+03
2.618375425823367550e+03
3.066702038625488058e+03
2.895547375314985402e+03
1.880574929179507308e+03
2.000978708196955267e+03
1.725004124335711822e+03
2.957329665450582979e+03
2.411414898274088046e+03
2.934563866457407130e+03
2.038001712027267786e+03
2.676100552603777032e+03
2.717995011382095981e+03
1.892134262329636840e+03
1.658813258966489229e+03
1.630437802541593555e+03
2.778192166356951930e+03
1.771098258717916906e+03
2.572502324362460058e+03
2.657110041964624543e+03
2.277941123424738180e+03
1.522014041510992683e+03
1.893111061746021733e+03
1.695672441638947930e+03
2.222739023391972296e+03
1.804274600460776128e+03
1.361497699799656402e+03
2.591051775008440018e+03
1.780936540861672256e+03
2.769507264856365509e+03
1.824283446620043833e+03
2.589711414146586321e+03
1.998635089658375364e+03
2.745151030316308606e+03
2.663441654582973570e+03
4.601807592472003307e+03
1.927322348306479398e+03
2.013516810542030726e+03
2.266461327467462979e+03
1.734893139886320569e+03
2.135970211329136873e+03
2.346269299333038362e+03
4.300115092342792195e+03
2.350319666508854425e+03
1.738292221471019730e+03
2.476584591167651524e+03
1.996415848905504390e+03
2.592082661330307019e+03
2.996387741530634230e+03
2.138969579425014672e+03
1.775589703313307837e+03
2.419687921346150688e+03
3.164789900988573208e+03
2.372781363088288344e+03
2.743545878406439442e+03
2.500464416960021481e+03
1.637926154366752598e+03
1.569864464796468383e+03
3.658758211195265176e+03
2.108764153238997096e+03
1.647981120050040772e+03
2.456522547214437509e+03
1.662923546929494478e+03
1.745316823692613980e+03
2.739345725669118110e+03
2.554845091630122624e+03
2.044033871731400723e+03
1.676041813234565780e+03
3.134193823694426101e+03
2.054220876284845872e+03
1.968576093318726635e+03
1.655749196014570771e+03
1.812024134385050274e+03
1.818041499156708596e+03
1.865639102957909927e+03
1.924364259348483756e+03
2.426696408721443731e+03
2.336531730878807139e+03
2.792088308592850808e+03
2.783342742949549574e+03
2.018758049994881731e+03
1.744954345314647071e+03
1.871654740968660917e+03
2.272040859823289793e+03
1.837242572291987017e+03
2.153237002625246532e+03
1.788101873592997435e+03
2.504396434143767692e+03
2.926223154057457577e+03
1.501275013840757310e+03
2.914318639807752334e+03
1.870774296490009874e+03
1.876645371273742057e+03
3.049763418761838693e+03
1.863766666625044309e+03
1.856710032840433996e+03
2.194740591470501386e+03
2.284770593251625542e+03
2.681631494950968772e+03
1.979974128293222748e+03
1.882264041266986169e+03
1.992808483859174885e+03
3.121152125589665957e+03
2.039997127568814903e+03
2.307891225547587965e+03
1.609067022519768216e+03
1.890543782875116449e+03
2.397979646994848736e+03
2.517078864122740924e+03
2.869244797397695947e+03
1.499641978624043986e+03
2.381163219171459787e+03
1.445018269813503139e+03
1.833803865030291490e+03
2.087010212505236268e+03
2.038051640984718688e+03
1.672068661812809296e+03
2.178870233494904824e+03
2.175877370021422394e+03
1.419352577792946249e+03
2.472180293522193097e+03
1.707809946095105261e+03
1.569767773400992155e+03
1.971464954905677587e+03
2.016484044023090973e+03
1.790314052606350742e+03
2.355216440522810444e+03
1.950798578849993646e+03
1.818015332017093897e+03
2.030550355516024865e+03
2.034203797083930112e+03
2.045207394537632354e+03
1.720092354487162083e+03
2.187596926475060172e+03
2.259491065914276987e+03
1.949484747083042748e+03
2.076835522797191516e+03
2.527717766550951637e+03
2.416532520162290893e+03
2.499388576161116362e+03
1.805314769704593346e+03
2.105273262959206477e+03
2.826028596792020835e+03
2.316349712143768556e+03
2.244822985024307854e+03
1.444264444982749410e+03
1.853580323819187470e+03
1.902757445976021700e+03
2.395607982715824619e+03
2.523811308780335821e+03
2.416226875635678880e+03
1.908711085919174366e+03
2.471190660766791552e+03
4.299092027534148656e+03
2.264060123617644422e+03
1.507566639160853811e+03
1.887053376907482743e+03
1.729842544217011891e+03
1.620494019532809034e+03
2.252716211757506244e+03
3.008299651185167022e+03
2.047867713368497789e+03
1.609742693850887008e+03
2.243354053438175470e+03
2.298448850065120496e+03
1.924416554887313396e+03
1.771838724148925394e+03
1.859453468977357261e+03
2.556688324104528874e+03
2.398058128639473580e+03
1.569726134108379483e+03
2.367722561170579866e+03
3.093817180279293098e+03
1.755032705407007597e+03
1.999429200082318857e+03
1.710857055219705217e+03
1.803696016466943547e+03
2.221004713773028925e+03
3.101482426613117241e+03
2.569411580933974619e+03
1.749286328116369987e+03
1.870517230411860510e+03
2.187058486125453783e+03
2.113140224172311719e+03
2.905520381554786582e+03
2.755539131062963861e+03
2.098038786451026681e+03
1.955448430246382486e+03
1.615053959468204994e+03
1.837941877340796054e+03
2.409634540667713736e+03
2.461794433293442125e+03
2.207927307369580376e+03
2.443236275156843476e+03
2.694640998215851141e+03
1.875181227633234812e+03
1.670095557923108572e+03
2.020452468763774959e+03
3.205686727900872938e+03
1.756806274983653566e+03
2.146271537087799516e+03
2.306728844919882249e+03
1.557351214911555871e+03
1.682224399996513966e+03
2.787164890546584502e+03
1.844939654499612516e+03
1.967648143729835283e+03
2.393565099922765512e+03
3.909175361282454105e+03
2.245735818153450964e+03
2.489484157006401801e+03
2.219870820760785136e+03
2.825722931805939879e+03
2.106670575983414892e+03
1.528914667462755460e+03
1.798676317634119187e+03
1.943982325259246863e+03
1.717340367841417901e+03
2.189081668049446307e+03
2.467693020472070202e+03
1.910955776013899595e+03
1.808024593658861704e+03
1.761108736123598646e+03
1.668267126971099060e+03
1.582971115501364693e+03
2.521249972141173203e+03
1.756218060318089556e+03
1.893091757512651384e+03
1.954865610249049496e+03
1.501064526287780609e+03
2.829054703498026356e+03
1.818508762334124185e+03
2.371270028069207910e+03
2.029583421336312313e+03
2.742225979856331833e+03
1.572791517660079990e+03
1.809516766759043094e+03
1.755568750136939343e+03
1.678013504498638213e+03
2.643450243162165862e+03
2.924139713116048370e+03
2.648971636509406380e+03
1.669706392228021286e+03
1.870019646330852993e+03
1.575551774878927972e+03
2.366622206817730330e+03
2.201224847007484641e+03
3.230131853557657450e+03
2.079600697238929570e+03
1.694602442095638253e+03
2.262489396395045333e+03
2.068733275039470755e+03
2.334680162203148939e+03
1.953418601933401078e+03
1.715685944209108129e+03
2.187332462479476817e+03
1.923560697348788381e+03
2.163553890479961410e+03
2.483698953788727522e+03
2.163565700233215466e+03
2.233842367121484131e+03
2.013925637289532460e+03
2.701016311580315232e+03
1.974613998585497029e+03
2.498629905397188850e+03
1.624800635613850318e+03
1.981104037825367413e+03
2.586723517968202941e+03
1.552732045465381816e+03
1.731054301105556078e+03
2.576600763325346634e+03
3.255191268658032641e+03
1.684445791653823107e+03
1.902865119878551923e+03
2.638374381821136922e+03
2.385711030178586952e+03
2.311770678194356151e+03
2.602458658485789783e+03
1.560650196709437296e+03
2.263030692248372361e+03
2.068177556085516699e+03
2.541955051912460476e+03
1.729898395228898153e+03
2.242391729821800254e+03
1.804434870659839362e+03
1.905551206318545155e+03
1.446402651916956529e+03
2.714502874464145862e+03
3.192005760382628068e+03
2.518461603222182021e+03
2.936000737338094041e+03
1.811251651342608966e+03
1.965978908479446545e+03
1.790511346728773788e+03
2.828729771122685634e+03
2.520253198859747499e+03
1.911478875895147212e+03
2.702006152402958833e+03
2.570125711851404049e+03
2.023529706141795032e+03
1.885439728242112324e+03
2.068166193492128514e+03
1.721394834877457470e+03
2.087656059567932971e+03
2.873928553104633465e+03
2.282752118817181326e+03
1.873877095097792335e+03
2.635420914476271719e+03
2.106427700572181493e+03
1.593840545358834788e+03
2.040378219665260985e+03
3.157214036226505414e+03
1.587912337260204367e+03
2.791387691967611318e+03
1.936102873464553340e+03
1.689363453039599335e+03
1.929978440465274616e+03
2.015425186141823360e+03
2.415166634326553321e+03
1.526459911185418605e+03
2.415693538332263415e+03
2.435745127737056464e+03
2.362720509163998940e+03
2.117318276997692010e+03
2.501407242948815110e+03
2.352355863836521166e+03
2.435530503514164593e+03
1.843660428033574135e+03
2.977428291535936296e+03
1.947773104085441446e+03
2.345155257721635280e+03
2.294053125590275158e+03
1.830390483908850001e+03
3.013709552299696952e+03
2.256766772793576820e+03
1.612231411960703554e+03
1.931811336813698290e+03
3.174840243704995373e+03
2.698078418908145977e+03
2.050959074141050223e+03
2.258913693520502420e+03
1.762113502753665671e+03
1.880382164416281739e+03
3.474520226180640748e+03
3.031852606128668413e+03
1.822746088979183696e+03
1.872550345867261058e+03
2.198489751527959015e+03
2.159878232895804103e+03
1.760156475354771828e+03
1.702778708827449009e+03
1.969591296157392208e+03
1.902090302796626929e+03
2.270057132208254188e+03
1.754779353489109781e+03
1.461479141296702437e+03
1.699453873239632230e+03
2.092510308143275324e+03
2.351175813769048546e+03
1.653343955124029890e+03
1.444838354644889478e+03
3.177302815164555795e+03
2.360347152339003514e+03
3.414600641211960465e+03
2.716489011281228159e+03
1.746078546466073021e+03
1.876025160189485177e+03
3.178616182993515395e+03
2.074504019006679300e+03
2.223564204704482108e+03
1.556602720727038104e+03
2.128354380849865265e+03
2.230894460390554741e+03
2.143551326123648323e+03
2.811964540848450270e+03
2.119505619626666885e+03
2.602333419361326378e+03
2.728122911652259063e+03
2.027791868849599268e+03
1.645221467109280638e+03
2.369535397424071562e+03
2.892731704814243130e+03
2.801158427409885917e+03
1.679934853848710191e+03
2.349646403353428468e+03
2.201086179359117523e+03
1.928283636761480011e+03
1.974013667712220922e+03
3.323663684802246280e+03
1.809992458446475212e+03
2.689360996272473130e+03
1.789060966668534093e+03
2.143387680145096965e+03
2.298508536076638848e+03
2.464995172957074828e+03
1.737779544501565397e+03
2.435666264844592661e+03
2.082578190793748945e+03
1.779877616153913550e+03
2.181012425068067387e+03
2.079053064290550537e+03
2.820321312228450552e+03
2.362520531923742965e+03
3.353526132408180274e+03
2.249624284549034201e+03
1.593500468059210107e+03
2.085558409030665644e+03
1.936876260398770683e+03
2.857389182691229507e+03
2.073424115664791316e+03
2.039534724805853330e+03
2.116398244785494171e+03
2.139674177250824869e+03
2.172653180638328195e+03
2.289432523221243173e+03
2.056837816761108115e+03
1.628711482283426449e+03
2.097102499575936235e+03
2.824616563475690782e+03
1.808392993921297602e+03
2.019746446951990947e+03
1.587229211854049936e+03
1.697363556123338640e+03
1.833520207878784277e+03
1.686190755722695030e+03
1.441094137421576306e+03
2.917378041670424864e+03
2.153175744905835018e+03
2.798589903416694142e+03
1.697557403820217587e+03
1.601451320353313349e+03
2.339972731610294431e+03
2.709446662654052489e+03
2.909982472287607379e+03
1.594896663812804036e+03
1.858602027432876639e+03
1.958650534296408296e+03
2.316156749206944369e+03
1.498535974461352453e+03
1.499604984756675549e+03
1.911222123456071131e+03
1.720689160108682700e+03
1.927528774842619896e+03
2.166149859676952474e+03
1.816247952959616669e+03
2.968051972668501548e+03
2.803755904144374654e+03
1.582826154493261129e+03
2.580539355966378935e+03
1.867622157642850652e+03
2.074838977652136236e+03
2.361066819462808780e+03
2.244594899289775640e+03
3.657597705779829994e+03
2.062662525956635363e+03
3.418336278909351677e+03
1.989638709244667552e+03
1.886091246257850798e+03
2.308217056371642684e+03
2.462396724157348217e+03
1.750010939161413262e+03
1.741214313672651770e+03
2.242641102477384266e+03
1.900370955295722524e+03
2.266759351786808111e+03
1.822854310809270828e+03
1.790194057555694599e+03
1.391852829489740543e+03
3.109568524535367033e+03
1.952318874692733516e+03
2.459882083374541253e+03
1.942362693182745716e+03
1.951065634708298603e+03
2.180541741341643501e+03
1.775800068239361281e+03
3.670997046051837970e+03
2.502549335434450768e+03
1.915071230166795431e+03
1.763804587390884990e+03
2.339090043306205189e+03
1.997187410984450253e+03
1.675891707588132704e+03
1.861637805628328351e+03
2.462599233904096764e+03
2.047880240307305939e+03
2.892789259105164092e+03
2.944143044885830022e+03
1.674052620186295826e+03
1.678748748747020727e+03
1.752976126741967164e+03
2.021015204343304504e+03
1.866058351725310786e+03
2.245644306334812427e+03
2.237425667238130700e+03
2.749848757028230466e+03
1.906235635570948943e+03
2.003574475688452367e+03
2.253682995728391688e+03
1.723935498712467961e+03
1.762154326722084079e+03
1.759722882029076573e+03
2.636416214380005840e+03
1.853244057268311735e+03
3.315114347745955456e+03
1.678156040136003867e+03
2.594376127518829890e+03
1.970365939267154317e+03
1.584061355719051789e+03
2.156902317191241309e+03
2.867329560382058844e+03
2.269397064091055654e+03
1.721085553975892253e+03
1.853466878223989625e+03
2.319311755014583468e+03
1.813604951098968741e+03
2.963594742747140117e+03
1.996895916202862281e+03
2.751646420446864795e+03
2.580050605821772479e+03
2.086821470483846497e+03
2.139042695766955148e+03
2.060917075670324266e+03
2.626954597255124099e+03
2.764924829556704935e+03
3.289737269696794101e+03
2.178947344872693066e+03
2.199389769022891414e+03
1.899191565519809956e+03
2.804362636138117523e+03
1.739031008719946840e+03
2.245548532366461586e+03
1.807760651341304765e+03
1.719364817461624625e+03
2.278649101707051159e+03
2.313942371311131865e+03
3.236865001214770018e+03
1.993408522611236549e+03
2.121687418305271422e+03
2.090188247545534978e+03
1.986314397425827337e+03
1.914375791452126577e+03
1.617763829278293997e+03
2.921103731710783904e+03
2.346677407603390748e+03
1.767010595001629554e+03
1.751858967078587739e+03
2.948603579360089498e+03
2.387175201832724269e+03
2.061626935216685524e+03
2.711967020906420657e+03
1.954910934289393481e+03
2.982939669788785977e+03
1.686538275747094303e+03
2.024645604360848665e+03
2.803443018417980056e+03
2.137373008619033499e+03
2.185130433615529910e+03
2.372531528460036498e+03
3.781352068989799591e+03
2.265670719097601250e+03
1.772210155076812953e+03
2.534688809087383561e+03
2.892278412235202268e+03
1.891960916750074830e+03
2.503735142283025198e+03
2.553873750069877133e+03
1.973590516569092870e+03
1.835697241225338075e+03
2.304855859487783164e+03
2.145474800093448721e+03
2.318189648217754439e+03
3.294477542973065283e+03
2.309164676090644207e+03
2.153864125918538775e+03
2.207134521736763418e+03
1.908395779704558663e+03
2.109006626493181102e+03
2.756560074454639107e+03
3.381682213123771362e+03
2.122203255448257551e+03
2.644310567279811949e+03
1.463216141272860114e+03
2.387996066735417116e+03
2.419504995404335205e+03
2.017968144182814285e+03
2.513018653412233107e+03
1.976991858749126550e+03
2.409260319563501980e+03
2.327153771055513062e+03
2.380612964030820876e+03
2.052060163671674673e+03
2.431511528195871506e+03
2.113136411807092372e+03
1.650234757722995710e+03
2.158396232407190837e+03
1.882997952579404227e+03
1.688620924654765986e+03
3.292226304274634458e+03
1.761645720914937556e+03
4.766435130921541713e+03
1.973916197770275176e+03
2.489134760228218511e+03
1.786053771719802171e+03
2.522641421644599177e+03
2.605855635275132954e+03
2.008539323245524429e+03
1.806606104900711216e+03
2.393043337757815607e+03
1.813405400374555029e+03
1.856514034483232535e+03
1.713846239950275049e+03
2.695795429033343680e+03
1.655414275329676457e+03
2.623149529436253943e+03
2.463686638378771022e+03
2.421321881703916006e+03
3.231682351213647053e+03
1.664594656420638785e+03
2.197703402667073533e+03
4.546083673403365538e+03
2.132435470493859611e+03
2.173012182917329483e+03
2.210643546109437011e+03
2.775854406562633812e+03
2.024383341680397280e+03
2.100285019644070417e+03
1.905656285448116250e+03
1.712717979542328976e+03
1.838208088177954778e+03
2.318400757504045032e+03
2.290071120661566965e+03
2.187064584339968860e+03
1.547572220591828227e+03
1.871188579776789993e+03
1.580723759999382310e+03
2.191249045982374810e+03
2.106745720437727869e+03
1.773120167869026773e+03
2.203295087516773492e+03
3.668894770416663960e+03
1.848200567852007225e+03
3.579016725863330066e+03
2.421373682254459709e+03
2.870161559194093570e+03
2.265694191432208754e+03
2.101661558617604896e+03
2.317666640241397545e+03
1.454128614396555349e+03
2.053390016175108030e+03
2.405593891773023643e+03
3.624714699974283576e+03
1.882271456817747094e+03
1.722739293918246403e+03
1.901818690971238539e+03
2.100187745873467065e+03
1.745671810480416752e+03
2.621539322613156401e+03
1.999704805583576672e+03
2.085258929611882195e+03
1.829535874751862139e+03
2.079974402384250425e+03
1.671571939313202165e+03
3.389953961778199300e+03
2.469503747036796995e+03
2.168938632868190780e+03
1.818624495911406484e+03
2.093693324598703839e+03
2.286642915637916303e+03
2.264486482440821419e+03
1.682698049347753113e+03
1.801326374232914532e+03
2.219799131644380395e+03
1.772700721603163402e+03
3.026565280478767818e+03
2.388975236402940936e+03
2.584707891503087012e+03
2.297747125127178151e+03
1.992293602313031442e+03
1.552565910638164496e+03
2.322206731363621657e+03
2.249409649430308491e+03
2.552865331453009276e+03
1.383070531016390305e+03
2.030811348801129498e+03
2.693013905700616306e+03
2.309423092508688569e+03
1.649479130395746324e+03
1.971441604623018065e+03
2.049158047762495698e+03
2.013862121099053184e+03
5.504872757528384682e+03
2.650422340058372356e+03
2.628973568604444154e+03
3.223847239739581710e+03
1.784383073352772044e+03
2.722497837305127177e+03
1.995550522033241577e+03
1.949087123611941934e+03
2.941953932071628515e+03
2.705046638440806419e+03
3.513194090071716346e+03
2.712416747146460693e+03
2.049962322058097925e+03
1.934042306595481932e+03
1.962406401876767632e+03
2.769619947568920907e+03
3.948777209775464144e+03
1.785530771254387219e+03
2.952122984544141218e+03
2.173458558388228994e+03
2.141313714357966091e+03
2.038555393424234353e+03
2.283168590249435510e+03
1.910371609253343195e+03
1.687171117218327709e+03
2.252765659297350794e+03
2.443524921065254603e+03
2.061184497397451196e+03
2.553542258907924406e+03
2.680063334464153741e+03
1.998399338415416423e+03
1.777700053207925521e+03
1.827483801533293445e+03
2.226941673994704615e+03
1.978670130939339288e+03
1.876472380542720202e+03
2.214105023049865849e+03
1.804941552847332787e+03
2.302866943880915642e+03
2.012000790473772213e+03
1.588134137586806901e+03
1.949468510764767416e+03
2.786392019934020936e+03
3.230217600140720606e+03
1.812772139031090774e+03
2.238461929485900328e+03
2.611849432820337825e+03
1.899282451750594191e+03
1.573985930459457450e+03
2.084716595450416207e+03
2.207662398800486699e+03
2.309093600329943001e+03
2.166743649215437472e+03
2.593752744552562945e+03
2.315958617548341863e+03
2.322075458187493496e+03
2.526659304448519833e+03
2.042451805689022876e+03
2.120368401633342728e+03
2.121184168384992518e+03
2.216933169434429146e+03
2.153570357769378461e+03
2.538362125001149252e+03
3.022274653400410898e+03
1.680440027845441364e+03
2.054923962063621730e+03
1.595764379313797690e+03
1.846209083600202575e+03
1.538139013200532645e+03
2.288470141812693328e+03
1.732909824419068173e+03
2.197025185690261424e+03
2.084379160507000051e+03
2.352606572838034481e+03
2.406109764881082810e+03
2.496290798555826768e+03
1.982814638152020052e+03
1.923302030205493793e+03
2.370241608817712404e+03
2.190121382784913294e+03
3.231727694988017902e+03
2.341769828138756566e+03
2.523342224347172305e+03
1.877956588473636657e+03
2.697349417252815329e+03
2.929696432028547861e+03
2.078364095709868707e+03
2.703716027885559015e+03
2.397950792640796863e+03
2.800161633295356296e+03
1.764848332250257954e+03
1.847634941120864823e+03
1.626937692478531972e+03
2.064814407481113449e+03
2.226512486962135881e+03
2.952557892292388715e+03
2.051750174380955286e+03
1.943613898852956481e+03
1.644976584415649995e+03
2.291051878621219657e+03
1.941508956182515249e+03
2.525418205074849539e+03
2.585376291497494094e+03
1.963028886460931972e+03
1.818614211462919002e+03
2.025165017537058702e+03
2.066516774890145825e+03
2.288707906244297192e+03
2.026019516647000273e+03
2.311692925948478660e+03
1.848284919493715279e+03
2.176803869216717430e+03
2.894404554904860561e+03
1.733177866616118990e+03
4.289100162475428078e+03
2.420793261866216199e+03
1.497681490410453989e+03
2.158620417147831176e+03
1.879534714910201728e+03
2.385170112110950868e+03
1.735204923573677661e+03
2.213895975335879484e+03
2.769898013039768557e+03
2.397748891747149173e+03
2.302659284964087419e+03
2.482131236369779799e+03
2.820323038221831666e+03
2.702481842025736114e+03
2.359722381478408352e+03
3.864916747376264539e+03
1.885173211865534540e+03
2.261221592159068678e+03
2.283516530707536731e+03
2.827526798193284776e+03
2.560631152246787678e+03
1.759036508399469312e+03
2.244193569025315810e+03
1.972943459455796983e+03
2.766062441875459626e+03
1.759363220610423014e+03
3.004734862120007165e+03
2.259297170523088425e+03
3.164363597752002534e+03
2.026784029153408483e+03
1.862620483539416455e+03
1.815936784335412085e+03
1.645288348857604433e+03
2.397272635317523964e+03
2.582482505272142589e+03
2.354574354896554723e+03
1.699602956332848407e+03
1.463353989940311294e+03
2.053432465457764920e+03
2.847921310070611071e+03
4.258949301474494860e+03
2.438227655470836908e+03
2.067296993068070151e+03
1.910187295137147885e+03
2.594544845707656350e+03
2.068939988004334737e+03
3.048517853010096587e+03
1.974639955327438656e+03
2.674228631067380775e+03
2.069901984550524503e+03
2.088401866887114011e+03
2.546627280722314026e+03
2.556966152623295784e+03
2.571764359241351485e+03
2.198696794663090259e+03
3.245216507275414187e+03
2.665383485139929689e+03
1.705288097465469036e+03
2.359404868406942114e+03
1.934154382717679255e+03
2.873390781993744895e+03
2.065673631891957484e+03
2.294497985565685667e+03
1.855581841136910953e+03
1.594649440426845104e+03
1.886980842434801161e+03
1.880579274729941972e+03
2.008634143851581030e+03
3.240123136028647423e+03
2.543725075053633191e+03
2.240935492464690469e+03
2.079134792696335353e+03
2.192468624891014770e+03
1.752225682828808203e+03
2.624527024435228668e+03
2.403674976131529547e+03
3.109641629741410725e+03
2.408756951502407901e+03
2.139232937820721418e+03
2.404178859889507294e+03
2.318597954688360915e+03
1.706327218249556608e+03
2.999204165274975821e+03
2.222405378535971977e+03
2.309503033534158021e+03
1.892901536316378042e+03
3.657786431871354580e+03
2.864219888318097219e+03
1.960890521049848758e+03
2.447227005415130407e+03
2.727961240773322061e+03
1.607108759810216725e+03
2.695494228000985458e+03
3.072599397255224176e+03
1.952636006745859049e+03
2.556902358751045540e+03
2.596190406937617809e+03
1.634823962632333860e+03
1.721582121243816800e+03
2.196426208242191933e+03
1.947294564341660589e+03
2.141514595498098060e+03
1.816785271982429549e+03
1.655618750261142850e+03
1.797831960855633952e+03
1.546501014299807139e+03
2.388050347426906228e+03
2.184016639673965983e+03
2.942151001549093053e+03
1.751643164868000895e+03
2.498403924940968864e+03
1.579707091164076701e+03
1.873351090968702920e+03
2.964285843497375026e+03
1.731147444136091508e+03
2.314083133660955355e+03
1.456198676513158716e+03
2.142645911641884595e+03
2.306876141648390330e+03
1.906162892709136941e+03
3.258533832970191725e+03
1.710486284778728077e+03
1.681293798311027786e+03
3.819557394170225962e+03
1.817035053905161476e+03
3.169599751048837788e+03
2.678604386697981681e+03
1.731020575754067977e+03
2.029945615749158605e+03
1.963977468087570742e+03
3.429030663914847537e+03
2.277380979033317999e+03
1.821755455026010168e+03
2.577316373484383803e+03
2.655491308140437468e+03
2.094307751509637455e+03
2.394707811432279414e+03
2.636473263505293289e+03
1.764554412026540376e+03
3.415343626356610912e+03
1.870730945551884361e+03
2.560113930164807243e+03
1.474451763609307818e+03
2.027705964506720193e+03
2.830805165217752801e+03
1.829466033425851492e+03
1.540536317059246358e+03
2.349056184130371548e+03
1.746117750918725505e+03
1.934999982294335496e+03
2.930740507754089776e+03
1.947241807342157699e+03
2.415287108238146175e+03
3.213407021762861405e+03
2.154673758919438114e+03
2.316045290965324966e+03
1.742431802063569194e+03
1.688787431294651469e+03
2.319982551240304019e+03
1.690355903241259512e+03
2.345631726912572049e+03
2.970817045109986793e+03
2.888799988570332061e+03
2.339571842058445327e+03
3.389188995559175964e+03
1.851828453336725943e+03
2.243479037471523043e+03
1.860168726486561354e+03
2.064901760188979097e+03
3.051104923127160873e+03
2.338127131638175342e+03
3.015335112544475123e+03
1.772735458785202354e+03
1.947892034639371559e+03
3.133049618238583207e+03
1.980197304552304558e+03
2.450097927493159659e+03
2.278793300379824359e+03
1.363142777354398277e+03
2.160612164308724459e+03
1.808160049445577897e+03
2.304223362555610947e+03
2.440181388085475191e+03
1.654865168352844194e+03
2.107176927210181020e+03
1.805450597930641379e+03
2.562114566354604904e+03
2.809422384008066729e+03
1.630496536887425464e+03
2.350039047648548149e+03
2.521860567416588310e+03
1.731095970225986093e+03
1.590491161003534216e+03
2.171033802541671321e+03
2.322264083332964219e+03
1.445005118774017319e+03
1.610330288517056033e+03
1.958203299748711288e+03
2.047683931128703989e+03
2.476763717462657951e+03
1.829853717726189643e+03
2.143998408607440069e+03
2.181362516997964121e+03
1.632135684358421713e+03
2.675230478086858056e+03
1.772546278407447971e+03
2.424936412615235895e+03
1.770534277198021300e+03
1.930857579564559273e+03
2.527206668671919033e+03
2.181565252496162429e+03
2.894260469932807609e+03
1.639308262708713301e+03
2.129046070633223280e+03
2.163462960725068115e+03
2.027158101980923675e+03
1.559922466724179685e+03
1.887287928324891254e+03
2.330325619464972988e+03
2.372335690083564259e+03
2.450875430102692917e+03
2.991748159832786769e+03
1.918817338698660024e+03
2.279483543528825976e+03
2.106603411922347732e+03
2.794523868407704867e+03
2.292299666304141283e+03
2.171148454325390048e+03
2.377938293132814579e+03
1.768554472706629895e+03
1.485108534771716222e+03
1.735504533297033049e+03
3.612104752119281329e+03
1.824362287147319876e+03
2.231497684873756953e+03
2.111832379836007021e+03
1.796223260914208367e+03
1.924649401068803854e+03
2.212054713359335437e+03
1.831002637328929268e+03
2.432674381560296752e+03
2.743528964468976483e+03
2.273651291429996490e+03
2.717346651154570282e+03
1.850207478107302450e+03
2.356618168915971182e+03
1.813910300076589920e+03
1.600538909692899324e+03
1.793654171347152442e+03
2.617386979988077655e+03
2.313770799067919143e+03
2.018167195783928037e+03
2.942933708156808279e+03
1.962692328444332816e+03
2.051128713752492331e+03
2.623548260024050251e+03
1.706137626374489628e+03
1.572434695309377275e+03
1.738719502250507503e+03
1.899573558000291087e+03
2.468097750910867035e+03
1.824745253207467613e+03
3.326878078993875533e+03
1.720221503699569439e+03
2.436949914647091646e+03
2.040005881445409614e+03
2.706615004691760987e+03
2.191071413370606024e+03
1.500934162819990888e+03
2.045280492732374114e+03
2.871979074398972443e+03
1.925276775361897307e+03
1.786908801300160121e+03
1.642547072340239538e+03
1.968935529543756275e+03
3.160623811234865570e+03
1.909274010041990550e+03
2.500678640778351109e+03
1.803986069244536338e+03
2.010476637850049883e+03
3.256613725427974714e+03
2.229657230386743322e+03
2.089044513722270494e+03
1.540827263349376153e+03
2.386831201962253544e+03
2.112495851163897896e+03
2.292738621812633937e+03
1.780310144646704430e+03
2.145007092917250702e+03
1.489611900490155676e+03
1.994349251920444658e+03
2.794138131804531440e+03
2.750214082066493575e+03
2.241815936124010477e+03
3.901851942148234230e+03
2.426970987456385046e+03
2.027250114367809147e+03
3.388718463086639531e+03
3.090265277605212759e+03
3.484976396920683328e+03
2.768894064286199864e+03
2.918349276840745006e+03
2.077981110594875645e+03
2.175227063466678374e+03
1.996609703964495566e+03
2.155266947380092461e+03
2.093363808116177097e+03
2.134255511683877558e+03
2.776760851341474336e+03
2.612267752963816747e+03
1.686529727344692219e+03
1.870325684593757614e+03
1.582519841968896799e+03
1.966473008494940586e+03
2.085400345817033667e+03
3.098570697612827644e+03
2.091415070978284348e+03
2.652597490777377971e+03
1.986639302735449746e+03
2.197831248033209704e+03
2.203516136543650646e+03
2.332444526438368484e+03
1.509853729247231968e+03
2.232485893334436696e+03
1.810388121357711498e+03
2.648730664587172214e+03
1.498643888265243731e+03
2.817779294471256435e+03
3.473646478033973835e+03
2.588943726510391571e+03
1.676062365371733904e+03
2.256998872854164802e+03
2.225937093215878122e+03
1.547762998028192669e+03
1.510884009511442855e+03
1.711378273221896961e+03
2.347386816142010503e+03
1.689768709859810770e+03
2.072495969247771427e+03
2.736681795619660988e+03
3.915249666873947717e+03
1.700285689712851308e+03
2.590751753848628141e+03
2.266269209418329410e+03
2.206069091458688490e+03
3.157087507756426930e+03
2.228824258951470256e+03
1.779629997762269340e+03
2.175205706244567409e+03
1.710985582663328387e+03
3.075934526645927690e+03
2.666604828072711825e+03
2.925335437988978811e+03
2.140728439323371276e+03
2.907188323288224638e+03
2.072135123650310561e+03
2.577779965217108838e+03
2.108237539445632137e+03
1.951194426949019544e+03
2.103888173196697608e+03
1.937128247041371651e+03
1.937827891124645248e+03
2.659209896769956686e+03
1.598545865165884607e+03
1.896992417064378969e+03
3.324869347807252780e+03
1.730529789423686452e+03
2.214920743652153760e+03
2.565542144672013819e+03
2.574520862592966296e+03
2.054106284876470454e+03
2.031582701541250572e+03
2.151068991001695395e+03
2.957347569082630798e+03
2.708083291468676180e+03
1.853906835875241086e+03
1.803742600558907725e+03
2.302559758120565675e+03
2.527799200930632651e+03
1.980758517280453816e+03
2.217442653729114681e+03
2.139413968842709437e+03
2.839784432198852301e+03
1.875066918100230396e+03
2.067892029791139066e+03
1.867494656997150742e+03
1.939251935145352036e+03
1.528758260454284027e+03
1.624626735932193696e+03
2.431895377635722980e+03
2.545466649818234146e+03
2.131995147690759040e+03
1.630061895287479274e+03
1.954107778828241862e+03
1.643849193773232400e+03
2.749137298071174882e+03
1.937881191066671818e+03
2.011934271061367326e+03
2.038547588082990842e+03
3.044687006570678932e+03
1.785198741249099839e+03
1.786983081174657855e+03
2.034387538094721094e+03
3.375223134388186736e+03
4.382701304974063532e+03
1.510777180026590941e+03
1.954036899708778947e+03
2.180167568397300784e+03
1.709153135202723206e+03
2.374880815992364660e+03
1.870406997660495108e+03
1.618891999319399474e+03
2.484544270889193285e+03
1.880415197662077844e+03
2.558946928746969206e+03
2.354833838560472941e+03
2.255235446785140084e+03
2.101490090361709008e+03
3.262246442700299667e+03
2.752840229014807846e+03
3.108563576332642697e+03
4.407267759705457138e+03
2.612359133310412290e+03
2.407158818431431428e+03
1.659938939973071683e+03
2.187984652533603366e+03
1.395527139493962750e+03
1.350841305971727706e+03
1.886361455327656586e+03
2.231542357627768070e+03
2.555415321552834939e+03
1.924959611985599622e+03
1.880092371158942115e+03
1.481160300789983012e+03
2.005690817939059343e+03
3.331364281316346023e+03
1.958537902712123469e+03
2.179202123274211772e+03
1.684236643154057674e+03
3.165531668107898440e+03
2.368321937186410651e+03
2.305066180859575979e+03
2.206866964197950438e+03
2.278348596122930758e+03
1.904014377063431311e+03
1.584784385021019261e+03
1.870430086092557758e+03
2.360501241367368493e+03
2.118722635131154675e+03
1.999984689224686008e+03
3.083207717298180796e+03
2.178885343201400246e+03
2.065787837193987798e+03
1.780110700535355136e+03
1.995001967751071788e+03
1.533049772540049162e+03
2.359330750101944432e+03
2.878302750239497982e+03
1.854331313778180629e+03
1.895512473649811000e+03
2.246061744233476929e+03
2.176806951247970574e+03
2.005163850263692439e+03
1.796431418820400722e+03
2.527971852438873611e+03
3.182059678251971491e+03
2.518423210303764790e+03
3.087811567911994644e+03
2.065016849145526066e+03
2.251180933432420716e+03
1.676162389386561699e+03
1.879389160794555210e+03
1.690701172798871994e+03
1.908678810026380233e+03
4.601225222547771409e+03
2.464522464528447017e+03
2.920305063692503609e+03
1.841871826306101866e+03
1.826874176667188294e+03
1.942475213632453233e+03
1.740024415594991297e+03
1.580601552285486832e+03
2.535687803755514324e+03
2.635241440876619890e+03
1.402144911123090424e+03
1.803908244609949179e+03
2.466783646852709353e+03
2.610278988506179303e+03
1.671504785159952007e+03
1.638569869779399596e+03
1.594746912209084257e+03
1.774953965731314383e+03
1.531960380705539137e+03
2.074779560572933406e+03
2.674473644541343674e+03
2.348718392708571628e+03
1.595802745114197023e+03
2.480415767008089460e+03
2.173127811466692947e+03
1.946407508860225789e+03
2.316992464775685221e+03
1.913838825761456974e+03
2.248072250462369993e+03
2.532741618483210914e+03
1.962655335823073983e+03
1.952185784758999944e+03
2.286751576833892614e+03
2.555900493121705949e+03
2.770550875834771432e+03
1.615534415489528328e+03
1.941857043637079187e+03
2.193328314066282474e+03
2.681758206030353904e+03
1.692347390023525804e+03
2.797629515565349720e+03
1.889825787694077007e+03
3.401450770285860926e+03
2.406895249407116353e+03
1.795354835739595728e+03
2.443957375441765180e+03
1.945044075545018131e+03
1.684140779202105477e+03
2.894909626334905624e+03
2.244839595007550088e+03
2.092386074606780312e+03
2.181293152831058251e+03
1.859095479851515847e+03
1.842359933470521355e+03
2.028153320730692940e+03
1.764199569087635609e+03
4.077943143293785397e+03
2.048795439910405548e+03
1.849990426193631720e+03
1.735002972400281578e+03
1.834336421983462060e+03
2.144182146483741235e+03
1.720856605722074164e+03
1.517313403060135897e+03
2.119243962067150278e+03
2.805674313508323394e+03
1.579970854774786858e+03
1.857735245707764989e+03
1.685053609729977325e+03
1.564309815950371558e+03
2.234498189023695886e+03
2.401484780120081268e+03
2.948301655519404449e+03
2.845543118956964463e+03
1.918727428049285663e+03
2.153436383238004055e+03
2.604578560360037955e+03
1.939686470180662582e+03
1.927181245937419590e+03
2.759083901769423392e+03
2.235742259500140790e+03
2.583583179403038230e+03
2.859962515951483510e+03
1.828525144344021101e+03
1.578923378697247244e+03
2.479630532712209970e+03
3.411985484551580157e+03
2.412431154969148338e+03
1.960188035133702215e+03
1.823375851206132211e+03
2.389164885335485451e+03
2.238214904107328039e+03
1.880642872952041216e+03
2.117159178278408945e+03
1.930305581441323739e+03
2.180819894931686576e+03
2.251597831781196874e+03
3.362723356260627043e+03
2.315453282890666742e+03
2.948224122555693612e+03
2.521586696968297474e+03
1.702249684743408579e+03
1.834829567293520086e+03
2.446812595248105936e+03
2.145818435631517787e+03
2.603067480712896213e+03
2.303810620029747952e+03
2.538830841418413911e+03
2.408757455136394128e+03
2.076152205939288251e+03
2.540668666123296134e+03
2.814207382199587300e+03
1.621706175591563806e+03
2.803253865568782203e+03
2.535101683096378110e+03
1.693607882618322037e+03
2.059735252163023688e+03
1.971824482349795289e+03
2.196511739978799596e+03
2.817149927731952630e+03
1.814851569845108315e+03
3.168803263009293005e+03
2.029821134469122626e+03
2.161423849790822715e+03
1.564454449000069872e+03
1.747258659078041092e+03
1.472339074083138257e+03
2.473525784487603232e+03
1.753344143204274587e+03
2.309379962669801898e+03
1.715469730992801487e+03
1.960515167432255112e+03
1.869085128947277553e+03
2.309281158986384980e+03
2.639441110516432673e+03
2.077035806741449051e+03
1.919476129170274362e+03
2.427905284823034890e+03
2.073749239158933051e+03
1.848120841042720713e+03
2.171458657811162993e+03
2.438097665863111615e+03
1.884928053611074574e+03
2.278244522272259928e+03
2.970142420316231437e+03
1.607054141830885783e+03
1.712539355181739666e+03
2.814004626048728824e+03
2.144577455069753341e+03
1.972531115715159103e+03
3.227509806690388359e+03
1.933282431546249427e+03
2.294378189489128999e+03
2.159864602771936916e+03
2.401210564480512403e+03
1.521565785403945483e+03
2.249625647743931040e+03
2.004414441816043109e+03
2.025847898787469603e+03
2.388522768288385123e+03
1.629033202835358679e+03
1.788534653634531423e+03
1.741209894681465812e+03
1.621679647305980325e+03
2.633711413463577628e+03
1.815774651756742969e+03
1.663868127502151765e+03
2.461749383133311312e+03
3.174487160761169434e+03
2.016306152836947149e+03
1.857598757906747778e+03
1.528279673433116841e+03
2.095030669060208311e+03
3.983517474048698205e+03
2.242499691958953917e+03
2.597469846219268220e+03
1.980558797438876354e+03
1.925876676984626101e+03
1.707550454116484616e+03
1.735868491327448282e+03
1.638134792221855605e+03
1.233360958022705745e+03
2.656880491390809766e+03
2.373958826805319404e+03
1.945857509061766905e+03
2.384669068538176361e+03
2.361477946042388794e+03
2.390795288644643733e+03
2.191841762287251186e+03
2.720192557360278443e+03
1.734794165039667860e+03
2.500988565587962512e+03
2.151406150621885899e+03
2.585467324033059413e+03
1.997253036959184101e+03
1.966501555607101182e+03
2.331373864655324724e+03
1.737869563572952757e+03
2.817826035630714614e+03
1.653899791316478513e+03
2.091222148391621886e+03
1.658014281222393038e+03
3.115845821593829896e+03
2.258530949792650063e+03
1.518152368899347493e+03
1.834566557137412019e+03
1.668973467926902231e+03
1.815877317071950529e+03
1.639657368400250562e+03
3.029875870147545356e+03
1.862233785879681818e+03
2.950192817995324731e+03
2.522463219776342157e+03
2.381486874794354662e+03
2.173183680257119704e+03
2.007992089836625382e+03
2.915129411516885739e+03
3.100444294976012316e+03
1.581663938452024013e+03
2.249900132307084277e+03
1.994519674922863487e+03
2.039646039405546617e+03
1.972630038446804974e+03
2.132592427888768725e+03
2.625474312641425058e+03
2.027002571283665020e+03
3.122613914904999547e+03
1.875275550012243912e+03
2.972474597384745721e+03
2.024742642681114376e+03
2.413508098249207251e+03
1.536099229604413267e+03
2.041146505427721422e+03
3.680090505988628138e+03
2.029265401964541525e+03
2.213657858681166545e+03
2.105388758264074568e+03
1.430884498408820946e+03
2.342106968483480159e+03
2.358979989079700317e+03
1.717445074699120596e+03
1.563765922035672702e+03
2.467123782741604373e+03
3.329108145215897821e+03
2.598259259989834391e+03
2.440594503872096539e+03
1.916351661791093647e+03
2.567065105557907373e+03
1.894657216649153270e+03
2.794645156069542281e+03
1.781614766806829721e+03
2.375560795192141086e+03
2.590212688887608238e+03
2.574301321933628060e+03
2.803256956141791306e+03
3.720188994533382356e+03
2.068283999815350398e+03
1.959089101201738231e+03
1.796975444099283777e+03
2.719924169244244695e+03
2.407262190705980174e+03
1.722071816387120634e+03
1.418401481658453122e+03
2.456227383234421723e+03
1.890017100885976106e+03
2.090870801305281930e+03
2.084229052720009349e+03
2.518906403883243911e+03
1.674787157733924687e+03
2.222572640241589397e+03
1.984550430273753591e+03
2.063038650310947560e+03
2.600712637714343145e+03
2.197744567007641308e+03
2.181257186831207946e+03
2.257335252322489396e+03
2.057299572064075619e+03
3.082290137644857168e+03
2.021121822004672140e+03
2.595122580694733188e+03
3.359400917215272784e+03
2.457659523996873759e+03
1.941543524168431759e+03
2.583656269563944079e+03
2.971891404205234721e+03
2.825221733716083691e+03
1.896143048350000754e+03
2.314581277178134769e+03
2.212306036153109744e+03
2.522817262787022628e+03
1.741978111247415654e+03
2.133913458169554360e+03
1.919291836773278192e+03
1.947919426156091504e+03
1.562187408505589701e+03
1.855316136721405201e+03
2.740025452513364144e+03
1.568583229819429107e+03
1.445831022624857724e+03
1.974305106513202190e+03
1.687914541934034787e+03
1.970329171435674652e+03
2.136425929463235661e+03
3.093638534594241719e+03
1.739457347761275742e+03
2.192672032041729835e+03
2.485260682549436751e+03
2.882061272168240976e+03
2.030035268641295261e+03
1.946010668755654478e+03
1.754565476386764203e+03
2.207000009441704606e+03
2.115212423830787884e+03
3.130941131710511399e+03
1.739014686961381813e+03
2.190422292739676777e+03
2.465351318880319013e+03
1.803914290462591453e+03
1.964367251518269768e+03
3.066616589485871373e+03
2.280352893596806098e+03
1.687808209392154822e+03
1.838240391929255566e+03
1.794487039385276148e+03
1.710721761582273757e+03
2.273613164942420553e+03
2.952415727999672526e+03
1.889974480110395234e+03
2.748273689815105172e+03
2.007094944514392409e+03
2.168242237057595048e+03
1.652433295267284848e+03
2.898850590660673333e+03
2.150715607819991419e+03
1.999072021406347631e+03
2.399888648981170263e+03
1.882785353928891709e+03
1.957460880592203466e+03
1.974614703524042852e+03
2.343005610536667518e+03
1.738205801982956473e+03
2.559195419364259578e+03
1.871559739660471678e+03
2.676515106329228729e+03
1.926592873077432159e+03
1.989116120632330421e+03
1.961117154310224578e+03
3.445534964068792760e+03
2.206341953090624884e+03
1.936659054302435834e+03
2.454020583790901583e+03
2.200538324942812324e+03
1.680448734930600040e+03
2.570197744480101392e+03
1.726709146092121955e+03
2.110973880211182404e+03
2.239789091592130717e+03
1.969589178525027819e+03
2.009148009664204437e+03
1.461251076408661902e+03
2.916683089874743018e+03
2.170109942483541090e+03
1.468626825049694162e+03
2.304152154654148035e+03
2.327841796155320480e+03
1.697433919179660734e+03
2.155518631585990079e+03
2.042017609319416806e+03
1.545903929549793247e+03
2.112065690901537891e+03
1.466532712153508328e+03
3.053818307234498207e+03
1.735626935225503985e+03
2.762460159958864097e+03
1.821045066265272908e+03
2.175761428191675805e+03
2.361095150569686666e+03
2.655514767002547160e+03
1.851289677737164311e+03
3.770097842283546925e+03
1.640896939892205410e+03
3.321197707332321443e+03
2.388186575725441799e+03
2.418298484856612049e+03
1.946393244600039907e+03
2.021177174674114212e+03
2.565482923969975673e+03
1.890934901252272539e+03
2.256626440376974642e+03
2.391057762569980696e+03
1.929341495215427130e+03
1.917628245896543376e+03
1.751233572009019554e+03
2.008675213224021718e+03
2.277487371372990310e+03
1.515828252618317492e+03
2.036227310436312109e+03
2.218890874255797826e+03
2.677464208759134635e+03
1.348875069030444138e+03
1.742346974338637665e+03
2.379882034899899736e+03
1.823434876209124923e+03
2.727007264605606906e+03
2.306728394929086789e+03
2.692813942024484277e+03
1.810242796380654909e+03
2.251835774398525245e+03
1.941469492623349652e+03
2.550636485082446598e+03
1.965171731221373193e+03
1.830496351365698501e+03
2.132820170686813071e+03
1.898103974128956906e+03
1.689650370080606081e+03
3.227201130280504003e+03
2.447284120395779610e+03
3.825924198210239410e+03
2.768873619357007556e+03
1.614465048055397347e+03
3.064949398090480827e+03
1.582719686539960094e+03
2.210507886653183959e+03
2.214493045757524669e+03
1.724722896025399677e+03
3.852925241577555425e+03
3.766877900889376178e+03
1.769464500946574844e+03
2.047139952453551814e+03
2.508444786241627298e+03
2.287513343796716072e+03
1.652306282838573679e+03
2.072985247470671311e+03
2.569900938906241208e+03
2.656543605599901639e+03
2.243218303429079242e+03
