5.916944217994720020e+03
2.782757387977520921e+03
2.760708067270705214e+03
3.477042588809934387e+03
8.954613176773131272e+03
6.985409994509500393e+03
3.468643707202754740e+03
5.612286079983015952e+03
4.116963032026200381e+03
4.932053579457657179e+03
2.109610648484856938e+03
3.429646423283658805e+03
5.227679269270083751e+03
7.149127288307281560e+03
5.731773342471438809e+03
3.540610325283269049e+03
3.185229309218164417e+03
2.458415803653202602e+03
5.039616488776271581e+03
3.932867291276867036e+03
7.058237460628559347e+03
2.723413814426632598e+03
2.992033996022189967e+03
4.394112975078634918e+03
2.060461910562997218e+03
4.990512698569655186e+03
2.467237615902879043e+03
3.223456637939671054e+03
2.233191255942685530e+03
4.219280067648534896e+03
3.438479410522646504e+03
3.627764147131179925e+03
5.652736681848909939e+03
2.488250309373543132e+03
2.119293947357393336e+03
4.641420508551818784e+03
7.456160687082650838e+03
3.801483852420584299e+03
9.334369612137001241e+03
2.044803346215834608e+03
2.034395569590560626e+03
1.117864917884673923e+04
4.306823294324160088e+03
2.544556439335632604e+03
4.780696526680258103e+03
5.290750450960476883e+03
7.924907105218560901e+03
3.179120981947460677e+03
4.975061914171383251e+03
1.084879576124361483e+04
6.889164044864010066e+03
2.336345041481486987e+03
1.785570175669627497e+04
1.736983811099431477e+03
2.952688975099648815e+03
2.705583824823086616e+03
8.293208952442160808e+03
2.257767230282828677e+03
5.769286352967785206e+03
2.751419412759656552e+03
2.190163365723390598e+03
1.555454612133570481e+04
2.850258079948194791e+03
1.850662972976715537e+04
3.364555032819218468e+03
3.197778588017041329e+03
4.385469262143771630e+03
4.420869924213042395e+03
3.609554373173039494e+03
5.344897718752265064e+03
4.932966621058076271e+03
4.370351126660003501e+03
5.058416514573451423e+03
2.415801056390453596e+03
6.133494293915260641e+03
4.707955889867749647e+03
4.171476233805515221e+03
1.534031345278593653e+04
2.553348488015937619e+03
4.755556408913631458e+03
4.879498318695797934e+03
2.013941984315375157e+04
3.000875215138221392e+03
1.050419561104307650e+04
2.654624081111862324e+03
1.130714637255601701e+04
4.125303256824525306e+03
1.041907653984209173e+04
6.127056149894604459e+03
3.565653441587055568e+03
2.865418714384577470e+03
2.763183712463389384e+03
4.125721815900469664e+03
3.066429438099818071e+03
3.924476594527717680e+03
7.044932305498805363e+03
2.465836113151104655e+03
6.898905737289896933e+03
4.787026087264501257e+03
4.984604956921888515e+03
2.858989329920499586e+03
4.365960636538860854e+03
6.035152188805863261e+03
3.499655134323751554e+03
8.526014626303047407e+03
3.331517866259557195e+03
8.371513522465131246e+03
1.291367593292641686e+04
3.532232077489723451e+03
4.711363211404765025e+03
2.219449477402609773e+03
9.004047519340994768e+03
9.042894745377358049e+03
3.758332405883527827e+03
8.100120607262884732e+03
8.678639160907070618e+03
4.604586916247499175e+03
4.127623273578356020e+03
6.396973087139718700e+03
3.288379131467430852e+03
4.835651062803692184e+03
8.005087563185952604e+03
4.803561990083835553e+03
4.606244157692999579e+03
2.233616178685566410e+03
2.017898293423233554e+03
1.321863823844125727e+04
2.525882045550562907e+03
2.602641805784369353e+03
3.376000961326237302e+03
4.739392188662546687e+03
3.522269400735327508e+03
4.684463323967996985e+03
2.972569084121729247e+03
2.112790703990031034e+03
3.082804324634722434e+03
4.555714822931098752e+03
1.607607920124614611e+04
4.437412629922153428e+03
3.257444360969238915e+03
3.150694453889504075e+03
3.265818321487400681e+03
8.223517097924486734e+03
4.847277087162015960e+03
3.263884835846954957e+03
3.242799737188266590e+03
1.450551430671336129e+04
4.285844431094359607e+03
5.644998604462598450e+03
4.534341228660545312e+03
1.036741800137923565e+04
2.838157381826662458e+03
7.192821540977340192e+03
4.404125322491978295e+03
5.657302410677890293e+03
7.195440660722204484e+03
4.247589311821269803e+03
2.218962078833486885e+03
5.525651189669733867e+03
5.957461120267515071e+03
6.350153229337069206e+03
6.418133372789132409e+03
6.075230993977398612e+03
5.828218647007597610e+03
4.265115839982056059e+03
3.042018667069729418e+03
3.489167445947416127e+03
1.340033792853646446e+04
1.192341106165095698e+04
1.008165029441961087e+04
2.331692406300106086e+03
7.551558326333179139e+03
4.700432625296059996e+03
2.569705658444436267e+03
1.862845845721778460e+03
6.579582374920486473e+03
6.151031700485502370e+03
3.295735930926748551e+03
4.726780399282695726e+03
4.529055381449987181e+03
8.707415618343977258e+03
1.012475446453469340e+04
3.609889456732082181e+03
1.916274686841759831e+03
3.187693382653291337e+03
2.364486133113154210e+03
1.059398120273998939e+04
8.832441384055186063e+03
3.742768630487727933e+03
4.203583223060588352e+03
9.117107753389049321e+03
4.628439839581260458e+03
2.770464235387393273e+03
2.649433830262860283e+03
2.508284626458422281e+03
3.752196205931948498e+03
1.975489804226370325e+03
1.860343779586166420e+03
3.801480375310198724e+03
5.867080027558262373e+03
2.838510996571763826e+03
2.916208696026056714e+03
7.620711213162838249e+03
4.431812865673018678e+03
8.298157893926152610e+03
3.833937142997383489e+03
6.508953940477047581e+03
4.119812311883084476e+03
7.797812250712944660e+03
8.151041004247454111e+03
3.941901378482551081e+03
2.417279278550078743e+03
2.768724152802737080e+03
2.255428825186478207e+03
3.618674828787246952e+03
4.512224500488053309e+03
4.971562894140515709e+03
6.458923765899642603e+03
5.090417307002760936e+03
6.481541810660186457e+03
2.018614383930427721e+03
4.740459479717945214e+03
1.327023622107235133e+04
6.283789361753064441e+03
2.383029864788608393e+03
4.709764763805636903e+03
2.795894053384166909e+03
6.455128840791119728e+03
2.605341688777582021e+03
6.189161908665293595e+03
3.741239507062971825e+03
2.721282077365496662e+03
3.192672422663366888e+03
7.270487560171750374e+03
1.005441102770116413e+04
1.129910883782990277e+04
2.013509107905032579e+03
2.012786397970927646e+04
4.131120678976876661e+03
2.638021796312939841e+03
6.079956912989087868e+03
5.402906835761677939e+03
7.436780973170476500e+03
3.652324809661775362e+03
5.875413767348567490e+03
1.462733660193975084e+04
5.329536279502674006e+03
1.095360345400607912e+04
1.080139362528495258e+04
7.799404425174230710e+03
7.601988487105758395e+03
4.755643579832743853e+03
5.108049259822990280e+03
6.192779488785716239e+03
3.310290600278472994e+03
8.178607066383294296e+03
4.183861239884456154e+03
8.473966730690910481e+03
3.846180644236563239e+03
5.300919219497416634e+03
3.565053132371336687e+03
2.357166019855416380e+03
5.701293794584227726e+03
2.185422160853049718e+03
2.328401434345520101e+03
9.828947571030934341e+03
2.649479983899858780e+03
6.372297003654297441e+03
3.908390730720944703e+03
3.989848787426133640e+03
2.985271089892368764e+03
6.462141388664604165e+03
3.271481302002561279e+03
3.521098746648291126e+03
2.501986237328615971e+03
4.308232862147619016e+03
2.036898984917905182e+03
8.337016654022387229e+03
2.718117647406761535e+03
1.691745266495039687e+03
3.997185008873813786e+03
2.499079687585821375e+03
6.837173259962117299e+03
7.947313472562003881e+03
5.479783902885392308e+03
5.897985493037616834e+03
2.867651226456975564e+03
1.858106250623939559e+03
7.072597251299186610e+03
2.339215704732690938e+03
3.971029009999358095e+03
2.558740693535225000e+04
4.186150154796545394e+03
3.071709922199952416e+03
2.863310060008196160e+03
6.456678254905389622e+03
4.468050944070215337e+03
1.460593543896393385e+04
1.220415162177395541e+04
2.821821009959443472e+03
4.334433553291251883e+03
1.058810185216343962e+04
5.825872606151504442e+03
2.440688577773631550e+03
2.302346612415392883e+03
4.290272461253684014e+03
2.950025824082898907e+03
5.651913241384667344e+03
9.535561410190886818e+03
4.749238440787652507e+03
2.394649279471486807e+03
2.129485511358478107e+03
3.032874666810152121e+03
5.641093201375799254e+03
3.158188064974034205e+03
5.630816639172262512e+03
3.479866929708048701e+03
4.787030602247221395e+03
2.743236732194432989e+03
4.264337401958298869e+03
2.644548056996893138e+03
2.604509913906455040e+03
9.771415194462402724e+03
3.972657302007777616e+03
5.485633054950158112e+03
4.369988512545824051e+03
6.273381804968190409e+03
7.233131143526192318e+03
3.363599625881404791e+03
3.595395347513494926e+03
8.710607031599902257e+03
5.972612100062819081e+03
7.129002084772961098e+03
4.177548749183013570e+03
2.657935858997734613e+03
3.663788908696180442e+03
3.563633501025440637e+03
4.179728218897114857e+03
4.138319577280795784e+03
5.553363325269921916e+03
6.494837433600259828e+03
3.300664682295653620e+03
5.658758934797995607e+03
5.466798602836235659e+03
4.342021326946472982e+03
3.363032155549095478e+03
3.905912863653968088e+03
7.188655290115246316e+03
3.937908141323452583e+03
2.999070453896361869e+03
4.459645712017838378e+03
8.015604737262678100e+03
2.262832446972373873e+03
9.593020353778934805e+03
5.207945257926301565e+03
3.164414010516222334e+03
3.605706372440210544e+03
7.478356233859463828e+03
1.060600734549775370e+04
3.945288626466732239e+03
4.103513798685133224e+03
1.939520607308892068e+03
2.879090605354751460e+03
4.730826677346136421e+03
3.859956550542206969e+03
7.823909202368522529e+03
3.442957187026448082e+03
1.919372352542413864e+03
5.051692123037879355e+03
3.540989442241028883e+03
3.919491721173108090e+03
7.238947208908502944e+03
3.458577797505364288e+03
3.526804206245869864e+03
4.813924839874613099e+03
4.023821154337259941e+03
5.943901310318789911e+03
4.892459996785561088e+03
3.403103713418266125e+03
4.527296298245266371e+03
1.215596789554721545e+04
4.417585918025353749e+03
3.173201483936296427e+03
8.655225665920494066e+03
3.819239403392290114e+03
4.003842393353450461e+03
2.733311006046482362e+03
5.858870683025830658e+03
2.655521162478238693e+03
4.489558092834631680e+03
5.284721309045577073e+03
4.807373542180954246e+03
9.788642913466959726e+03
3.337643519553137594e+03
2.296968888333911309e+03
4.719241349844553042e+03
6.369809328650881071e+03
4.003207476229261374e+03
6.862026311007241020e+03
3.996738778296043165e+03
2.457084943439112976e+03
2.853997746926994296e+03
2.961069333583000116e+03
1.033116972975700628e+04
6.583314351437875303e+03
7.588923450622969540e+03
1.813593382780672982e+03
3.356236854225571733e+03
4.295901116650551558e+03
4.896056695672945352e+03
1.687378264121973189e+03
3.103848023112455849e+03
9.460172372106288094e+03
2.993230642961570993e+03
7.903095819121808745e+03
3.863013690119492821e+03
2.181001660174108110e+03
2.427009490794327576e+03
8.508305956687196158e+03
1.772557001769135240e+03
5.390818393298308365e+03
5.946465789093112107e+03
8.966294212584616616e+03
9.025843892807199154e+03
6.470205354795209132e+03
6.904189887095417362e+03
5.473542096296616364e+03
4.673618069201649632e+03
5.312349702468374744e+03
6.470614131938549690e+03
1.854726133771648165e+03
3.443647570637345780e+03
3.764743954465899151e+03
2.275399000473320484e+03
2.480378447648428846e+03
3.539452468586503528e+03
3.705952605635509826e+03
1.985039218206133228e+03
2.089482579297735356e+03
5.042041373863699846e+03
3.844307739746349398e+03
2.842826738780888263e+03
7.959018292351975106e+03
6.412961812547815498e+03
1.346160252280737041e+04
1.059378285247000167e+04
6.495807852792378981e+03
3.654023802999698091e+03
4.443191836615966167e+03
4.746447261820663698e+03
3.893059184595127590e+03
3.642442928032251075e+03
2.886312174988910556e+03
2.460937041905126534e+03
4.736932888878742233e+03
3.573692128307069652e+03
6.484341919223894365e+03
4.829894659322570078e+03
2.111414246836793609e+03
2.651181559422519058e+03
4.160081653025350533e+03
5.481210857397294603e+03
4.951200139705673791e+03
1.268041489651962183e+04
6.565177593059954233e+03
1.967987911984208040e+03
1.189418013258127030e+04
5.237798878323985264e+03
1.576038839153863955e+04
5.979565932351979427e+03
2.351613071676925756e+03
2.762046315767336637e+03
4.426492074528126977e+03
3.307224176675197668e+03
2.066690854511351790e+04
2.785963266069302335e+03
4.448181413539918140e+03
3.171432151121785864e+03
4.498240082304575481e+03
6.043617628502077423e+03
3.901899529333692044e+03
4.135939704925403930e+03
2.672558111730846576e+03
4.624354210866964422e+03
6.002528924593003467e+03
3.339017383657977916e+03
2.205842798692057841e+03
2.703074090866837651e+03
9.515660717093735002e+03
2.701140429974184372e+03
4.487992212045588531e+03
2.545772881853859872e+03
2.877334475987125188e+03
4.911306145071517676e+03
8.255741693049552850e+03
6.918529893116094172e+03
4.191619402307318524e+03
2.804447643996798433e+03
3.077498329875990748e+03
2.839760435199248604e+03
3.614511209813295864e+03
3.562131008094060235e+03
6.117496196762891486e+03
6.573922392603359185e+03
7.900246261293650605e+03
2.725556260372628458e+03
4.502144453446380794e+03
5.851124751260969788e+03
2.690582359908614308e+03
2.774789629618055187e+03
3.786020266659674235e+03
1.093811705800110940e+04
5.474826313097029924e+03
3.955826780672767200e+03
2.432863735194667242e+03
1.644128548909988967e+04
2.799179854304456967e+03
1.579578642428827152e+03
3.519511402611067751e+03
1.666684515078654658e+04
7.663809284536182531e+03
7.322040619488165248e+03
2.866621495421510190e+03
4.406578979266414535e+03
6.147712741299343179e+03
2.613607194045674987e+03
5.048987026887421962e+03
4.935564521161155426e+03
5.192380993783648591e+03
7.084970882110108505e+03
5.596185588802589336e+03
9.161323251464462373e+03
8.811367767853516852e+03
2.771981441098498181e+03
3.220664143083617091e+03
8.402848008784814738e+03
3.973772415900893975e+03
1.991834025105170440e+03
2.786219636523950612e+03
2.495166986646450823e+03
2.074720442032790743e+03
5.517663514267653227e+03
2.703955869356781477e+03
4.827541237414523493e+03
4.021239550617145142e+03
6.974816516164544737e+03
1.392826340098108631e+04
2.204059276172833052e+03
1.118045687154791085e+04
2.211396014104946516e+03
2.595749425006506499e+03
6.563355880759772845e+03
2.970934815376007464e+03
4.632387389902491122e+03
3.139188033331360202e+03
5.159950907304533757e+03
2.905471456894243602e+03
4.327303193578147329e+03
2.548857419720734470e+03
1.887436828779347707e+03
3.147702163909911178e+03
2.830320592912670691e+03
7.527628286331193522e+03
3.517660198125638999e+03
9.694698820933641400e+03
1.047153659227199387e+04
2.461158822249737568e+03
4.303868246096477378e+03
3.200820544336573221e+03
7.067163889692164958e+03
9.928609516971453559e+03
4.891804455049801618e+03
2.583693444312550128e+03
2.571213192658964545e+03
2.218739015078986995e+03
2.890582901811867487e+03
2.246551798961125314e+03
4.176562952621607110e+03
1.241914564268535469e+04
2.822716610741277691e+03
1.111521025204210309e+04
3.082473895571893081e+03
1.487140011976886308e+04
3.519680048843962140e+03
2.272268389298347756e+03
2.780178402402787469e+03
1.840448850627755746e+03
2.062994066381012090e+03
4.305659570564632304e+03
2.261895232218550518e+03
3.842118914378457703e+03
1.909274122698302381e+04
5.053156886563869193e+03
6.264308289943030104e+03
7.171822903106804006e+03
6.967292143810074776e+03
3.308277453411021270e+03
9.514810982133029029e+03
3.428626060531707481e+03
4.734335664877318777e+03
2.477210354801965877e+03
5.844606805638759397e+03
5.042373253472382203e+03
2.122219484598841518e+03
8.299401783237117343e+03
5.456932984106824733e+03
4.899883002849179320e+03
2.454801787376753055e+03
2.322218416284187697e+03
1.482914575306640472e+04
2.907389882210409269e+03
2.661664923998643644e+03
2.189926182061666623e+03
4.629516655744402669e+03
3.254535736104124226e+03
8.316253868548315950e+03
7.088692756894510239e+03
6.601781113204080611e+03
3.234941907739266753e+03
7.713983448737533763e+03
7.520118962793494575e+03
2.129346918730530888e+03
5.583239138324977830e+03
2.189086858991533518e+03
3.151583046955638565e+03
2.826203836482833140e+03
2.742804561375174671e+03
9.960425843461998738e+03
2.729378488077782094e+03
4.108003425006405450e+03
3.011176339365076274e+03
5.868532326232525520e+03
4.778654647401417606e+03
4.585702741073910147e+03
3.945064992733416148e+03
4.185574896752368659e+03
7.546551677139592357e+03
5.032425057994783856e+03
7.134411496336688288e+03
2.154459368448588066e+03
8.894050530081731267e+03
6.534980485902517103e+03
3.228547977941459976e+03
3.091041995402192697e+03
3.414189237985177897e+03
1.854136381200165488e+03
6.751610178838367574e+03
4.503499840917182155e+03
7.285004894651938230e+03
3.919941196607192978e+03
3.588925309444517552e+03
2.219625249697117397e+03
5.071774485484495017e+03
6.266971191993266984e+03
3.542943069030039624e+03
7.589156287072699342e+03
4.128147997095169558e+03
2.643708111168780306e+03
3.274005864426886546e+03
2.304764615986256103e+03
5.230200599194911774e+03
8.199264573807769921e+03
1.597602534988286789e+04
2.539694551824475639e+03
2.676076479044146254e+03
2.676391238450829405e+03
4.666634700285838335e+03
3.650021545481256908e+03
7.846789855435097707e+03
3.131566347874962958e+03
6.407939352616638644e+03
3.101915411285532173e+03
2.638574484150623903e+03
3.432721900368254865e+03
5.357215783748251852e+03
2.727651613331720000e+03
6.552341064579552040e+03
1.125122807213341002e+04
3.245700260325364070e+03
3.513097446520812809e+03
3.286982736465201015e+03
4.473979568708571605e+03
2.845494680197356502e+03
2.607790850880002836e+03
2.878567828204133548e+03
9.094761960798496148e+03
2.511492424957366893e+03
3.023742897872842150e+03
3.085272969266166911e+03
3.975182153367786668e+03
7.240168273117102217e+03
5.685914876276452560e+03
6.514314665150130168e+03
2.422349478412652388e+03
7.500625238746055402e+03
6.614821737241640221e+03
4.812455330905446317e+03
1.758015462848590687e+03
2.838196792925882619e+03
2.365608228337892797e+03
3.349633467488689348e+03
3.798252831054734997e+03
2.775498379788186867e+03
3.885154655797756277e+03
2.741658856889931485e+03
3.742675441866391338e+03
8.474098187074181624e+03
7.444354727160301991e+03
1.812044964803673793e+03
3.943898907581984531e+03
4.763209874556050636e+03
2.075043845268373843e+03
2.801370817833289038e+03
2.176068582559993956e+03
3.592988925108569674e+03
2.120749893076193985e+03
9.981704061642871238e+03
2.266370001820265315e+03
2.676764275454857852e+03
1.333352747456729412e+04
1.890233303178683855e+03
3.583768270494416356e+03
2.474258930312993471e+03
6.861664726155402604e+03
3.169667715637828223e+03
8.199859529554785695e+03
5.236067715421144385e+03
1.993678749050479382e+03
6.288295745695941150e+03
4.472909596795798279e+03
1.719790728043112904e+04
3.352106118956813589e+03
3.241664092570892535e+03
3.320569199661491439e+03
4.083483132047113031e+03
3.013937802280881442e+03
1.381173853741853964e+04
7.226690025868942030e+03
4.905282019573030993e+03
4.769355059759342112e+03
6.191466824447503313e+03
3.164524530221824534e+03
2.530994650721666403e+03
3.318042170073022135e+03
3.874964566417038441e+03
3.954669047272182070e+03
5.636573116928455420e+03
4.828048339461209252e+03
7.628688762830337510e+03
4.799966587712639011e+03
5.255508496292750351e+03
9.933792977706529200e+03
4.084129970597568899e+03
2.636203703761915676e+03
2.153064880233956501e+03
2.886384633186506107e+03
2.688981902452069335e+03
3.428839268766460009e+03
4.379132386589422822e+03
9.844670703975600190e+03
3.830737216125475243e+03
3.001513966133701615e+03
5.524764393109595403e+03
4.180726774028385989e+03
3.716495850972016342e+03
2.705497146947076544e+03
3.073791352768079378e+03
5.463939218026236631e+03
5.051170025654952042e+03
4.490017066434607841e+03
3.213007556863129139e+03
9.227623107793275267e+03
4.504312782546970993e+03
3.375603854450630024e+03
3.168409763866220601e+03
1.720536546119255945e+03
2.472309654333745129e+03
5.680333257862366736e+03
1.979511775849154219e+03
2.816779288432910107e+03
1.071061302031530067e+04
2.698730930901016109e+03
3.551634616272058338e+03
6.108913358434103429e+03
2.871513648605905473e+03
7.047638873310876079e+03
1.302873468525346834e+04
9.147922037364100106e+03
3.580489632541080937e+03
2.417122328668949194e+03
3.675398653783719055e+03
2.918470680048689246e+03
5.142660084414994344e+03
2.312653229548893250e+03
3.848253375318899998e+03
1.616901560563914245e+03
1.334485133115368080e+04
6.890518910958613560e+03
1.554235455852704763e+04
3.724371079145210388e+03
9.381041215704113711e+03
7.968135522305412451e+03
2.844036643853847636e+03
4.187505751859484008e+03
4.291548135134100448e+03
2.180486313113840879e+03
3.419239793855900643e+03
2.921650967747933464e+03
3.340070454032262205e+03
2.294525033262543730e+03
4.998255762265820522e+03
4.700896843383379746e+03
8.240247938761924161e+03
5.941894444018456852e+03
3.803896154202288017e+03
9.111785912698600441e+03
2.575519962232589023e+03
3.339331018202821724e+03
3.275018332363833906e+03
2.730428507582575548e+03
2.977155031352565857e+03
5.106840905844059307e+03
9.195109304926154437e+03
1.837150655970937805e+03
2.838189618941483786e+03
3.258941455231280997e+03
6.603402391280105803e+03
5.347223845493659610e+03
2.806249928016259219e+04
2.189496667557570618e+03
4.169240781253494788e+03
3.443624318208603654e+03
2.541631194226269145e+03
3.898346452813420910e+03
3.036498159949609544e+03
9.082730409904965200e+03
1.550244764248130377e+04
4.648935629942861851e+03
2.880616872076294385e+03
1.511887696328165475e+03
7.094091835600498598e+03
5.885092763180145994e+03
1.977303490266145673e+03
7.801334108740091324e+03
3.189363468276394997e+03
5.040983324147644453e+03
5.584855027051351499e+03
5.262235687637119554e+03
2.932357811438094359e+03
3.851761482216301374e+03
2.984751464174012654e+03
2.983220720176293980e+03
2.591803685917053372e+03
3.372610297171922866e+03
4.517328701872436795e+03
3.250885742397222202e+03
3.218726746443833690e+03
2.141227188984792156e+04
2.909521732586385042e+03
7.224274476718572259e+03
2.596651436330423167e+03
3.192185729829201591e+03
7.540400872260506731e+03
3.931885062233777717e+03
8.947620170130801853e+03
2.895470667610366945e+03
3.389254919977713143e+03
4.968492028940963792e+03
8.111819232484020176e+03
4.297358780668146210e+03
9.662398202217358630e+03
2.603866114658216247e+03
3.053929276128677884e+03
2.484953111263079336e+03
3.647563985395128839e+03
7.101302519625955028e+03
3.259642425494501367e+03
4.624291264284373028e+03
3.208994212937686825e+03
5.003559075196913909e+03
6.761715784735919442e+03
1.717589822500594892e+03
5.966077227965084603e+03
2.814914215357479407e+03
5.956951083399268100e+03
4.730412113949860213e+03
3.007899759287916822e+03
1.960534718148119282e+03
1.773351903982169461e+03
3.518587462378753116e+03
5.490961831542343134e+03
4.210856230965087889e+03
2.782211408502218546e+03
7.198768858981260564e+03
2.633430539668595884e+03
1.040332598623668309e+04
4.271434121293830685e+03
5.855341563871770632e+03
4.202290856926410925e+03
1.892201622951368336e+03
4.240701345737616066e+03
1.579263587840599939e+03
3.185601317191962153e+03
6.563206733052618802e+03
1.173439570208307123e+04
2.969867865277628880e+03
5.436235057632322423e+03
6.912238727318122983e+03
1.110871779819787480e+04
1.658238408316508867e+03
4.864775058515369892e+03
2.766728441391489469e+03
7.420772482463740744e+03
5.552199897599231917e+03
4.434422857996367384e+03
4.308508954913297202e+03
2.390269490442879032e+03
2.442093746341415681e+03
1.399175834865769139e+04
4.279700174344761763e+03
6.531467715181875974e+03
2.305846996565524023e+03
4.385254461953358259e+03
7.337373179573332891e+03
2.748416566164058167e+03
2.493843458790215664e+03
2.350592920074355789e+03
3.649998647366883233e+03
2.214275274268002249e+03
2.795934389311238192e+03
4.284983554223901592e+03
3.220318468093173578e+03
6.169162311417981982e+03
5.095004387319670059e+03
3.475443409621482715e+03
2.552747002643533051e+03
3.999829053608351387e+03
4.441097984541789629e+03
3.560536231597536243e+03
4.586931332624517381e+03
2.348715984292794019e+03
4.929830757173476741e+03
2.589940000387490727e+03
2.514913583782152273e+03
3.308917740321950987e+03
3.701418713489198126e+03
3.624403482196852565e+03
3.100329903978854418e+03
9.549871709465165623e+03
2.131897621638956480e+03
3.971882452206686139e+03
4.478046805296326056e+03
5.135770807699649595e+03
3.559016332387574948e+03
2.792474934439524077e+03
2.330139489353285171e+03
6.974084669435047545e+03
4.078865577425109223e+03
2.467114481711410917e+03
3.247948331246152520e+03
1.862480439444072545e+03
9.561361272217822261e+03
3.846229802371351980e+03
2.915209325558040291e+03
2.929110103623475879e+03
7.148895279586547986e+03
2.500736838709446602e+03
1.590323643146362156e+04
2.107013816250371747e+03
8.175775708509609103e+03
6.802381974137970246e+03
1.078393664407299366e+04
2.785462297790683806e+03
5.643243907554307953e+03
4.264071394782280549e+03
6.416410728219780140e+03
4.451528283094288781e+03
2.207721634431858547e+03
7.071824131252360530e+03
1.867515203374321572e+03
4.106094017871189862e+03
1.118437438962643500e+04
7.202471889308304526e+03
4.146295109777478501e+03
5.800426128899795003e+03
5.552232111948076636e+03
3.621591820612084121e+03
2.055715570002095774e+03
3.366711777518037707e+03
2.766700776542304084e+03
1.685998568994458765e+03
3.731436044220114127e+03
3.291957011517370120e+03
5.945815225653233938e+03
2.792318411710555665e+03
5.409079262115876190e+03
8.111187668416649103e+03
4.708738379636779428e+03
3.710992177928043930e+03
4.571135056527455163e+03
3.735763212070076406e+03
1.582605854413489578e+04
3.632931797723933414e+03
2.213666593709800509e+03
5.548739802266645711e+03
3.555015097923955182e+03
4.358573103823873680e+03
1.003204282405316189e+04
1.317798508201680670e+04
5.597432453047920717e+03
8.119392128279650933e+03
2.758399338763832930e+03
2.455352808133000508e+03
7.240575813486313564e+03
2.372312453004997224e+03
4.159758187912957510e+03
6.926014230105211027e+03
2.190762521091004601e+03
5.990280622574675363e+03
7.099176193291234085e+03
3.547042641960259061e+03
2.955143675366445677e+03
5.311374251697590807e+03
7.781128483581065666e+03
1.055808569338297821e+04
4.847133434276271146e+03
1.331890329360318719e+04
7.024872392526158364e+03
1.339665816593763884e+04
3.016178761939750984e+03
1.147633174155972665e+04
4.444865749016171321e+03
4.723496585740998853e+03
2.839451457353890873e+03
3.231817708350601606e+03
7.731750232156657148e+03
3.693388065628882032e+03
4.605503118656342849e+03
5.747469718244217802e+03
3.487456569688685704e+03
4.611804233774135355e+03
8.339520792413328309e+03
3.546517080883146264e+03
4.694734911803621799e+03
4.878378504260967020e+03
6.040260611263278406e+03
2.212080668468202930e+03
3.442528743492439389e+03
3.104466401173034683e+03
3.090149041848315392e+03
7.254758915826794691e+03
2.416184512685751542e+03
1.116874859356193338e+04
4.041797060819924809e+03
6.226835664884129073e+03
2.518449078610225115e+03
8.414153908570704516e+03
2.658281037038541399e+03
7.746329748230869882e+03
3.331627699905657209e+03
2.617364224127645139e+04
6.988775831222417764e+03
4.068999743794789538e+03
3.400643716420396231e+03
2.308546508845640346e+03
3.411111616754787974e+03
6.747611524415086024e+03
4.567765384161728434e+03
2.787952184152905829e+03
1.220155512013798580e+04
2.364908033438492566e+03
7.663440170190995559e+03
8.262611895757378079e+03
5.874974846792058088e+03
3.309726063299924135e+03
1.956326892101555131e+03
2.371698702256195247e+03
2.738165983838960528e+03
1.408322218496445566e+04
2.031857072150101885e+03
2.642497419758234173e+03
3.927402914847945794e+03
4.085816330058500171e+03
3.839479819284635596e+03
2.334247838295879774e+03
5.171215097958338447e+03
9.687333656700211577e+03
6.482569239215226844e+03
8.040141327290795743e+03
9.600187796720769256e+03
6.560834434267715551e+03
2.409522920681629330e+03
2.423282745533273555e+03
2.632657373883412220e+03
2.896736479098908603e+03
5.920785800784593448e+03
7.077569398381980136e+03
3.640964676136267371e+03
3.495639516531839035e+03
9.397309751019929536e+03
4.250052193457842804e+03
5.451525343197514303e+03
3.892489960871986113e+03
5.621441451656399295e+03
8.587684832931845449e+03
2.398724837260320783e+03
3.651003075901069678e+03
1.807560059980722144e+03
4.661725113561260514e+03
6.540853194242110476e+03
2.511427307275356725e+03
1.610502207152883057e+04
3.318748344117775559e+03
3.253631322370842099e+03
4.976083328512264416e+03
5.395005485041183420e+03
5.973072891951771453e+03
6.984182291284785606e+03
2.727166340701864101e+03
2.750906975525082089e+03
2.099395563930622302e+03
2.863595694200485013e+03
3.130855725865578279e+03
5.780953557231579907e+03
2.945692892298800871e+03
2.178291357824346051e+03
2.444828584049129859e+03
3.742964511174455311e+03
3.079889011030194524e+03
3.527811017559961329e+03
2.601973729651446774e+03
7.281943892375948053e+03
6.129237453073896177e+03
1.998748501508263871e+03
5.864905165036114340e+03
1.970761612088288530e+03
6.446389809987798799e+03
2.940324523443574435e+03
2.331446139595151180e+03
4.022118951371041476e+03
1.328449926524075272e+04
4.797308541824007989e+03
3.209035444140201434e+03
6.856315678063678206e+03
2.640847609972275677e+03
5.905672969162274967e+03
5.580107549893000396e+03
1.980908646425174084e+03
2.105063414648873731e+03
7.421178812380763702e+03
6.720244123851472978e+03
3.567032651426241500e+03
4.586808228338370100e+03
2.739484781262814067e+03
3.331964211058599176e+03
8.861285872899374226e+03
6.720106971406727098e+03
2.847145231441012584e+03
4.431683710167329991e+03
5.531987075409706449e+03
3.519082262119482039e+03
7.182101743782375706e+03
5.340287501155980863e+03
4.577962528249132447e+03
2.801001932534680236e+03
6.471512606326316018e+03
2.265942814066191204e+03
2.885356932847644202e+03
5.454894816889951471e+03
1.083388092009670800e+04
4.809592396418389399e+03
5.686133711044967640e+03
9.016104502613190562e+03
1.897677468152600341e+03
2.607313854756066576e+03
8.667044529937207699e+03
5.210800508095941041e+03
1.891696151375002228e+04
8.925580103200802114e+03
3.795682725837570615e+03
7.396934843218594324e+03
1.474714182234281907e+04
3.976189304561296012e+03
2.027432663540588692e+03
1.925255092324630823e+03
3.224278452985512558e+03
5.749672950939449947e+03
6.583684289359254763e+03
5.890618241777236108e+03
5.823866596010921057e+03
7.630520419407810550e+03
2.353800825222104322e+03
3.342254628278489690e+03
6.693167393440788146e+03
9.962237470776133705e+03
3.944976471802219748e+03
4.647763271513860673e+03
2.642869423831114545e+03
3.450591717485454865e+03
1.454533657379110809e+04
2.106501374095445499e+03
4.593749678457970731e+03
2.885505860082455911e+03
4.201861884540412575e+03
2.519797373189707287e+03
4.461994413857813925e+03
2.522914971919264644e+03
5.096182789957034402e+03
2.783896279639098793e+03
6.413512486069346778e+03
6.593676855055848137e+03
3.374020053670974448e+03
2.631163491183193401e+03
3.511224749982939102e+03
3.972330599144450389e+03
3.024661012889002450e+03
1.813603390183718875e+04
2.568094323675497435e+03
2.604587233735015616e+03
8.202344257304910570e+03
1.428419052865204867e+04
4.843972740211524069e+03
3.223693612250848673e+03
2.814952080474467948e+03
5.339435744771733880e+03
6.530445823463844135e+03
1.975235299514839426e+03
9.155905346650863066e+03
2.033559264447190799e+03
6.277402595666237175e+03
4.098816756071872078e+03
5.385998151455540210e+03
1.778105671887518838e+03
5.893347297728527337e+03
1.598521415271714795e+04
1.322554695757711306e+04
5.548525756302988157e+03
5.417525121904676780e+03
4.724514669678756036e+03
1.984102711317245848e+03
2.532983404935919680e+03
4.547100254082703032e+03
5.379479054364608601e+03
3.943478720476035960e+03
3.080139436087338254e+03
9.208628755316603929e+03
3.830612400509882718e+03
2.550797409348189831e+03
1.333988815491693094e+04
2.757136225091177039e+03
7.171969108086195774e+03
3.430054299440816976e+03
3.895639199256314896e+03
4.539519796149339527e+03
2.184267836268525571e+03
3.243010389102040790e+03
4.916095108781941235e+03
4.619763746874290518e+03
2.319180613143030314e+03
3.847551646839172463e+03
6.605015222037025524e+03
1.177123541798398946e+04
7.140950848030624911e+03
3.079557395120398724e+03
3.671573023138844292e+03
4.089742417879664572e+03
2.693181613529144670e+03
2.503701247992808931e+03
4.568767656385665759e+03
6.146781673262128606e+03
2.566305944569990970e+03
3.493211053763734526e+03
4.251698742038308410e+03
2.193078911169621279e+03
2.153823476065139403e+03
2.049883552135695936e+03
5.424198092326609185e+03
2.977459431410592515e+03
5.445853090025659185e+03
6.377904780080425553e+03
4.742981147169746691e+03
4.169037784801214002e+03
2.886916068069142057e+03
8.474816996009089053e+03
4.810439099136012373e+03
2.096282053814589744e+03
1.262325433121563401e+04
4.277052994760888396e+03
8.293934375028038630e+03
2.936241553391213529e+03
2.047919975966768106e+03
1.924167707775108283e+03
5.931233674852526747e+03
1.692016152747499291e+03
6.573158614324784139e+03
6.072421199830976548e+03
7.993603999617218506e+03
2.582925692118471488e+03
2.077113368655613158e+03
2.215554252991278190e+03
7.275679139862535521e+03
6.024207692161260638e+03
5.315148431547335349e+03
2.473521768079604954e+03
1.002689495207188884e+04
3.197348059320356697e+03
3.827994176830223296e+03
8.502148076543933712e+03
5.522330058088991791e+03
2.992760417875542771e+03
5.986213828569918405e+03
3.086621602372091729e+03
7.503827244072395843e+03
5.598293699366098735e+03
3.880908618475426920e+03
8.498321507151005790e+03
8.846227050451270770e+03
2.474166094553016592e+03
2.659541590329492465e+03
5.962037146007292904e+03
1.143013060642057098e+04
3.163804988962016068e+03
6.555107499601785094e+03
6.869906379359599669e+03
2.539986617753223982e+03
2.160204770161595661e+03
2.881256177821545862e+03
7.953522744387621060e+03
7.667293019182689022e+03
5.241806263150880113e+03
2.627433571513392963e+03
2.382302576082409360e+03
8.843351775226183236e+03
3.311631879847263917e+03
7.980556409930693917e+03
2.117970065619563684e+03
5.522645320215728134e+03
4.019057185735204257e+03
3.756225694512599148e+03
8.461183699986315332e+03
7.028068901360966265e+03
6.079497202585800551e+03
4.345128980888286605e+03
4.865562199822277762e+03
2.780383515352499671e+03
6.018622496106429026e+03
3.150644569110823795e+03
2.614366203576792032e+03
5.098541327232727781e+03
2.252414330951403826e+03
2.663790313123841770e+03
2.926596775236073881e+03
9.393353667267248966e+03
4.703879426298663020e+03
8.684613231027964503e+03
2.380849221049342304e+03
2.721552918051020242e+03
4.597426896520773880e+03
1.782443794555380009e+03
3.635063911617384292e+03
1.270254370297212154e+04
7.454804234870593064e+03
2.172776100633083843e+03
6.041869738977286033e+03
8.404749447182053700e+03
9.587132330681663007e+03
7.641340607853955589e+03
6.572242186497780494e+03
5.163994471287820488e+03
2.343911868011811748e+03
2.218401687539299019e+03
1.141614106725039892e+04
3.210394362740451470e+03
3.569378273378591985e+03
5.237014198275399394e+03
5.990145358980749734e+03
3.797832084208028391e+03
1.706964188137871679e+04
2.488144643401727080e+03
9.693145942048286088e+03
5.325912863389123231e+03
5.267162912635947578e+03
6.492834477689699270e+03
8.978603307428420521e+03
2.690536655885283835e+03
6.427186422031256370e+03
2.415119039642508142e+03
3.007732631611637771e+03
2.109705995064810850e+03
2.362298319141264074e+03
4.477655610209563747e+03
3.968185361186158843e+03
5.042453420899808407e+03
4.158138717793975957e+03
6.023008818922436149e+03
1.123985644693362337e+04
9.858117193221034540e+03
3.250732513190880127e+03
1.677011415897624829e+04
1.080347385224352183e+04
3.550088158687387477e+03
1.556974948172095174e+04
4.103752838901869836e+03
2.606687001029305975e+03
3.633745720127073582e+03
2.581216767216552398e+03
4.203303637840304873e+03
2.618946750331844669e+03
1.152976629180536838e+04
4.688395852670510067e+03
1.989606986581755336e+03
2.638055063906649593e+03
6.035536375974275870e+03
2.687718203700496815e+03
6.385191206474904902e+03
5.633446455787227023e+03
3.658636010242451448e+03
5.275525038791616680e+03
7.344564316371717723e+03
2.819306915178167401e+03
3.581635107554990100e+03
3.847093210621154867e+03
4.264931800861289958e+03
3.969884886735642795e+03
2.313452751886652550e+03
2.647400114498101175e+03
2.394552048842771910e+03
3.788630025896331063e+03
1.684776752483332530e+03
3.976681458210281562e+03
4.287167415641830303e+03
2.310955248764599673e+03
4.285141328055877239e+03
2.142735387345019262e+03
3.014138821995875333e+03
3.322779729525907896e+03
4.360027853983687237e+03
5.773560213175311219e+03
8.263215392339567188e+03
6.255983742885000538e+03
8.898377950162161142e+03
3.099302440837607719e+03
8.406075904509867541e+03
8.678282152409548871e+03
2.021129678482480813e+03
3.152100435785076115e+03
2.719326859061489813e+03
2.151539814716496039e+03
6.461133374896540772e+03
6.358347297572297975e+03
2.040227344405662734e+03
3.464527601369365584e+03
4.115169092971715145e+03
1.386153496961365454e+04
6.562337238943495322e+03
4.013527878968277946e+03
5.880378406112897210e+03
2.022073747858987190e+03
1.056220045952399960e+04
7.404376578597293701e+03
6.193306310266256332e+03
3.072005035480484366e+03
1.510527415930439020e+04
2.916490684145828709e+03
3.598023462688317522e+03
5.331644805709715001e+03
3.428469179752166383e+03
3.127019004771369509e+03
3.761847633099532686e+03
4.243980983336572535e+03
2.215136417785077356e+03
4.663237175196991302e+03
6.573279119183192961e+03
3.828427888622740284e+03
2.265884190284530632e+03
3.759511517320876010e+03
4.543984651327366009e+03
5.840580429784255102e+03
9.452009299070690759e+03
4.628503865945502184e+03
2.978044674902339466e+03
3.770944747640402056e+03
4.902525464798673056e+03
4.564333157724235207e+03
4.583725583105580881e+03
1.888641000019619241e+03
3.968460659787408076e+03
3.009842687228810973e+03
1.967395500414422713e+03
6.192006201907759532e+03
8.500402695738594048e+03
3.568362723645986989e+03
5.827871177789638750e+03
1.183456793504417874e+04
8.994125126487575471e+03
3.950751380622037686e+03
3.605319691772572696e+03
6.748966820980538614e+03
3.482675975424936041e+03
2.521627910412033089e+03
6.877627077349345200e+03
3.921761950405081734e+03
2.319621574228047393e+03
2.192218081967672333e+03
8.495216599473729730e+03
3.165885462252539583e+03
1.104077333529165480e+04
2.874458868284709752e+03
3.575317292466643266e+03
4.451878777886857279e+03
9.103536820182111114e+03
3.017014280797331594e+03
2.789900418555596843e+03
9.186125522189307958e+03
6.763267319752601907e+03
2.952138686576858163e+03
2.548047207311028615e+03
5.732077091410756111e+03
3.224952205820707604e+03
4.803340952388942242e+03
2.202646178059978411e+03
2.851366352657321841e+03
2.465063360647647642e+03
3.373859136286540888e+03
4.125473681010771543e+03
2.482917834593215957e+03
5.800153126208344474e+03
3.299565414791461080e+03
6.828686019019456580e+03
2.240599509290652350e+03
3.349494665440986864e+03
4.188516616491484456e+03
2.723629213349786369e+03
5.743330232906559104e+03
2.700509208996681991e+03
4.336048012051585829e+03
3.989066879258745757e+03
1.210231078519031871e+04
8.777143912957020802e+03
3.794092397511762101e+03
3.844168869862114661e+03
8.810452178148334497e+03
3.441763210132048698e+03
3.678624709963929490e+03
1.101226836238680698e+04
4.847622403219182161e+03
1.095951490901144280e+04
1.137136750048285467e+04
3.497602074871072546e+03
3.195937038579373620e+03
4.469174525729671586e+03
8.352867892233276507e+03
7.852105662639602087e+03
4.928245533487555804e+03
4.894157002147636376e+03
1.070727792606648291e+04
1.946358866350550670e+03
4.142843134544033092e+03
3.174016475695447298e+03
2.869452434234495740e+03
2.743692750599933788e+03
3.594254270393197658e+03
2.495974997224577237e+03
1.929051705004382529e+04
3.882218111997179221e+03
1.218145261657884112e+04
1.778482649927027524e+03
2.864399125551688485e+03
2.115722599570872262e+03
4.765331785478512757e+03
9.833907179673144128e+03
6.123987140887009446e+03
4.269648192349413875e+03
3.486039215679746121e+03
1.449618318276631180e+04
4.326103615625703242e+03
3.955674541832122486e+03
4.161232889904058538e+03
4.341371395302412566e+03
7.732250038093014155e+03
9.370193980797135737e+03
3.932014616304251831e+03
6.609656946726259775e+03
5.150777397633646615e+03
7.420378488361951895e+03
6.375307880730309989e+03
1.170777894437691430e+04
1.287009367677971022e+04
2.919710884261352476e+03
1.367737839414947666e+04
1.278875267382600578e+04
1.215656044645025395e+04
3.178677553540677764e+03
4.186056825092644431e+03
2.206973516626516357e+03
3.201540791460080072e+03
3.314129441234166734e+03
3.959785818563657813e+03
8.840139006085228175e+03
1.371751612891058903e+04
2.899102656442439184e+03
4.913701557315303944e+03
1.029732834975281730e+04
2.968765137214097194e+03
7.408917432832997292e+03
3.467645705656032078e+03
2.917122277413145639e+03
3.081856974678812549e+03
6.576753033476299606e+03
2.759293434075312689e+03
2.733126125684357248e+03
3.976675171011709608e+03
3.527756920005776919e+03
7.153761768165393732e+03
6.024348652006359771e+03
6.073605108440271579e+03
4.536337421325501055e+03
3.471052209957968444e+03
3.617320569130475633e+03
2.741382614365546033e+03
7.338867246850277297e+03
9.086334792408510111e+03
4.835679449285962619e+03
2.187876252130139619e+03
3.977491791161708534e+03
7.085240586706087925e+03
1.178886405660782475e+04
4.846267329229041934e+03
6.573211797130061314e+03
4.115330305685405619e+03
3.242551008030073717e+03
3.903802243907237425e+03
5.821686643494525924e+03
8.644351137935067527e+03
7.333924644511775114e+03
4.340611608977778815e+03
5.112090894193155691e+03
4.770815484061720781e+03
2.200919924399582669e+03
3.503552513287519105e+03
8.059789917959133163e+03
2.114919496877340134e+04
5.153771439729956910e+03
2.669049967591301538e+03
4.905436266804696061e+03
1.306245125189749524e+04
4.366510769300512038e+03
7.568992952955653891e+03
4.461394055745564401e+03
7.073898699107230641e+03
8.739803619016543962e+03
2.038654491543766198e+03
4.872688528833692544e+03
7.152596405445274286e+03
4.674696001847500156e+03
3.416527317572799802e+03
5.460841283336012566e+03
9.265246726993216726e+03
5.864458884258419857e+03
7.921627453520879499e+03
1.825194968983036233e+03
5.623797301782848081e+03
4.484716833429076360e+03
4.419575688702563639e+03
4.902498243473761249e+03
7.086634222634267644e+03
4.258897175522666657e+03
3.093714311798830749e+03
6.883419449066394009e+03
4.294009562580002239e+03
2.961835670763510279e+03
4.778031512759742327e+03
8.322690656902792398e+03
9.249300670070428168e+03
2.442668839838559506e+03
4.724902649556024699e+03
2.050806860723154387e+03
4.479267117638810305e+03
3.731303268196672434e+03
4.133944642398506403e+03
3.712386283820436802e+03
3.650468342694250168e+03
5.140444038533954881e+03
2.737093503821582999e+03
7.939081840840808582e+03
2.002266181147599127e+03
2.971418240230355877e+03
2.560625877713377122e+03
1.053690200361446477e+04
3.995845532834937330e+03
5.719605620622984134e+03
3.447424535308266059e+03
6.490394190527440514e+03
2.723095016478910111e+03
3.895037016918475274e+03
3.369868972298281733e+03
2.268878898995113559e+03
2.938987596169754397e+03
1.069251478162920102e+04
2.136831444789306261e+03
3.744567921000707429e+03
4.039000472187646665e+03
7.348243756341398694e+03
3.813627910574199632e+03
1.588251393996283878e+04
2.908206663094169926e+03
5.411711172559356783e+03
3.087781041882757563e+03
6.746632068437291309e+03
1.379137189548392780e+04
3.974797800895350520e+03
1.915773428224283271e+04
7.100162834569578990e+03
1.109108010404492961e+04
2.164864512313564774e+03
8.092111241369275376e+03
4.336009386321704369e+03
7.780387084725080058e+03
2.161456953515764326e+03
4.597682724962476641e+03
5.523613122408860363e+03
3.000674883217085153e+03
1.926601536318659782e+03
5.310782612370094284e+03
6.469691242449567653e+03
3.212264072896679863e+03
3.640375263880123384e+03
2.584803751443512738e+03
2.145960030027083121e+03
9.951917513078777120e+03
8.237014011851162650e+03
5.723964686978491955e+03
7.536371540624997579e+03
6.119272797747747973e+03
1.270473371094861068e+04
4.813656173128518276e+03
2.670173875993117690e+03
9.730257761026732624e+03
2.636229925630846992e+03
2.321240536421653815e+03
3.744383701839018613e+03
4.001037890991661698e+03
1.162473743329278659e+04
4.750697760839480907e+03
7.520095246158307418e+03
5.310699196395580657e+03
1.966046753209666349e+03
1.844496922739443835e+04
3.766015776825486682e+03
2.688416628945386037e+03
9.433185847015352920e+03
1.984970102433173452e+04
5.775280446714255959e+03
6.461051243575289845e+03
8.925184215384069830e+03
2.403167946478119120e+03
2.547736074096173979e+03
4.466528604063671082e+03
4.389506363526103087e+03
2.542055520346155390e+03
4.978522212853305973e+03
5.642432329880422913e+03
7.458391801997437142e+03
4.224850416322355159e+03
1.005614964698068798e+04
5.397238843041821383e+03
8.274614648560527712e+03
1.033310473835293669e+04
8.638272442608140409e+03
2.554208763807779178e+03
5.511447006416390650e+03
7.332112625405425206e+03
3.451605648210039362e+03
8.949166438274085522e+03
4.964529575257329270e+03
6.005342403419665061e+03
6.474032861824319298e+03
2.667741841515664419e+03
4.365683453831610677e+03
5.527072700030483247e+03
3.997726662377303001e+03
2.025520451713200600e+03
9.871338702385110082e+03
2.127244729391939472e+03
4.922380799943821330e+03
7.583211214962022495e+03
2.920128229520007153e+03
3.697025974246236729e+03
3.872145726146685774e+03
3.039305623603911954e+03
5.130873018919039168e+03
4.793639415535406442e+03
5.411800176814358565e+03
1.715206967100268230e+03
2.167897059030030505e+03
6.542900189755629981e+03
1.708419387948175427e+03
8.460133895811653929e+03
7.783485902697051642e+03
2.027969039016403258e+03
3.122295766768220346e+03
3.809707476006704383e+03
2.806150885522714816e+03
4.988773606701754034e+03
3.519486643966345582e+03
6.778271117329568369e+03
4.982312146871088771e+03
2.817408443868480390e+03
3.608305528004129883e+03
2.696564163132046815e+03
4.996886547175497981e+03
1.789512135179238976e+04
2.200370862973242765e+03
2.549807904574030545e+03
2.709063143808569293e+03
2.209521558402746450e+03
4.057992240601452067e+03
4.429969731725403108e+03
5.529863299962074962e+03
1.576630972913629375e+04
4.047144572920398787e+03
2.311023039522639010e+03
4.003406681136460975e+03
3.571964718547591474e+03
6.537736487702175509e+03
4.877132088799146004e+03
2.949689885988307651e+03
4.463840946243843064e+03
1.066602387689880561e+04
3.709074001037108246e+03
4.557562449643213768e+03
2.967275990471243858e+03
5.936446314388187602e+03
5.344249807372281794e+03
5.826826304832939059e+03
7.400703030291886535e+03
3.727887673525838181e+03
2.669580255854118150e+03
7.692615204486413859e+03
5.869307834881939925e+03
2.172727853215532377e+03
2.032659766170184594e+04
3.581836187866574619e+03
3.100544573604594916e+03
2.086773277546395548e+03
2.471962791110097896e+03
5.244401020311051980e+03
2.700417873641243204e+03
4.196205888920521829e+03
5.986513938229763880e+03
6.670527309510041960e+03
1.082677065743471030e+04
1.338486121003376320e+04
4.314677687331917696e+03
3.284854729406535625e+03
3.378061803699703887e+03
1.939032317652949132e+03
9.590924307015258819e+03
5.227274851740337908e+03
5.473918322831392288e+03
3.673124373670434579e+03
9.468184796966961585e+03
3.327495763666811399e+03
2.671796430029673502e+03
2.644021107760607265e+03
2.267333373801433481e+03
1.336649650410248432e+04
5.417030919250217266e+03
4.323244757129461505e+03
7.823288497737259604e+03
1.905898652854608372e+03
2.392711131139891222e+03
3.714176059231045656e+03
2.977782185764168389e+03
1.520703620502760168e+04
2.766974501033895649e+03
5.569140976347378455e+03
5.626783979958272539e+03
2.998380712964106351e+03
5.973322851171367802e+03
6.721292615494807251e+03
4.678499360237852670e+03
4.046281744486070238e+03
6.071657969891675748e+03
4.505941205177339725e+03
4.889420166189549491e+03
6.969169057385646738e+03
3.544272048965329304e+03
4.377581426748656668e+03
2.552955573857179843e+03
3.256830564070958644e+03
3.374129229817888699e+03
3.957202252707676962e+03
2.957198922717012465e+03
3.289300843856763095e+03
3.159997225218103267e+03
3.110737414332455955e+03
2.557032358214026317e+03
6.028754165147081949e+03
8.593019246511277743e+03
3.581387432185700163e+03
2.675679199739359319e+03
5.608790735047194175e+03
2.925277653295081109e+03
7.416430800493923016e+03
3.305582773986039683e+03
5.503975941925309598e+03
3.253781735871336423e+03
7.445003381807822734e+03
7.043834522073157132e+03
1.499572336059797090e+04
5.205195822028559633e+03
1.596859397411812097e+04
3.167732465058241360e+03
2.689051700472959055e+03
2.806619018038261856e+03
2.617377486034201866e+03
2.511767569250638189e+03
5.201831765074668510e+03
2.123589080949670461e+03
3.695101962243374146e+03
7.549507989507459570e+03
2.998982234711598721e+03
1.855350021140850731e+04
7.987777502105163876e+03
7.308526441627662280e+03
5.854663504987300257e+03
6.428798414237186080e+03
4.136355069162440486e+03
2.166112840395508101e+03
5.937012203996040625e+03
3.149813944983907277e+03
2.267957329271623166e+03
3.544165781705785776e+03
3.728685513335658470e+03
2.632197086811240297e+03
4.230150698630750412e+03
1.785902847011428094e+03
3.502855447859416017e+03
1.199012119697604794e+04
2.480762316083390033e+03
4.623525408982648514e+03
3.658292030466749566e+03
6.092353127139271237e+03
5.080724284043186344e+03
6.768425001914321911e+03
6.157981178043934051e+03
3.112790376832708716e+03
1.166112864801898832e+04
5.002140148066449910e+03
1.344675145527237328e+04
2.793169512937020045e+03
2.906096829052374233e+03
6.506441053662914783e+03
4.302972646493581124e+03
1.918932781592069659e+03
3.211041883266472723e+03
4.316614178146643098e+03
2.994854772793420125e+03
6.231905977382266428e+03
6.047151148405799177e+03
5.310432032761222217e+03
4.323895177329948638e+03
8.885056336879380979e+03
5.734805787322286051e+03
1.896333952238259371e+03
1.926529373216500971e+03
3.593624177426798269e+03
5.494378797864366788e+03
5.482233525144285522e+03
2.415712454083550256e+03
2.721358808029908687e+03
7.998221553864947055e+03
3.806969183602835983e+03
2.029480167819769122e+03
9.632452708929718938e+03
2.564440071692632046e+03
4.367536128475912847e+03
5.434035842637764290e+03
1.070807843435317045e+04
7.678779251946893055e+03
5.694356497626460623e+03
2.372134855408337899e+03
2.063637801746837795e+03
3.939237833562307060e+03
1.252709428574168123e+04
1.951208188200835139e+03
5.708813746150815859e+03
7.727711262523313053e+03
4.209896380892256275e+03
6.024420849455404095e+03
6.043518423461471684e+03
3.611417386234388687e+03
1.917348982790124137e+04
5.354008122657658532e+03
5.615353465144406073e+03
3.576028554628603160e+03
5.807180082845035940e+03
4.439823340086848475e+03
7.418612320820917375e+03
1.921745611283928156e+03
5.242470889862510376e+03
2.635342028938117437e+03
4.505833519744686782e+03
3.349465183721273206e+03
3.273026814271346666e+03
6.330803658579709008e+03
1.795153618436725810e+04
2.636114493549452163e+03
4.445711641436326317e+03
2.570704999495064840e+03
4.987785569381318055e+03
1.928886506132781506e+03
3.465569700051797554e+03
7.393431193062569946e+03
2.156774118418456055e+03
6.994007932097883895e+03
2.982894214025116526e+03
2.433018090840429068e+03
3.409828805007622577e+03
2.470203187886276282e+03
3.291675125362235121e+03
2.927088693906320259e+03
3.550163598795305006e+03
8.214489882426569238e+03
7.930550879662972875e+03
6.112016621883027256e+03
6.028958869484020397e+03
3.586409642121521756e+03
1.034048546815873124e+04
2.823391939975088462e+03
3.486896629474940710e+03
3.922189735456136987e+03
1.905946491930168122e+03
4.088014607992721722e+03
3.869053718440351076e+03
7.080255635358276777e+03
3.664878050002618693e+03
1.231249373927246779e+04
8.126551648038788699e+03
2.364703333907178603e+03
1.102905668855062686e+04
4.668490743294591084e+03
3.036715086186421104e+03
